Tue, 06 Dec 2016 14:07:42 +0000
Train on 3149 samples, validate on 1667 samples
Epoch 1/200
3149/3149 [==============================] - 33s - loss: 2.8141 - acc: 0.1810 - val_loss: 2.8382 - val_acc: 0.1236
Epoch 2/200
3149/3149 [==============================] - 32s - loss: 2.2540 - acc: 0.3334 - val_loss: 2.4718 - val_acc: 0.2304
Epoch 3/200
3149/3149 [==============================] - 33s - loss: 1.8175 - acc: 0.4627 - val_loss: 2.3832 - val_acc: 0.3095
Epoch 4/200
3149/3149 [==============================] - 33s - loss: 1.4902 - acc: 0.5554 - val_loss: 2.6170 - val_acc: 0.3077
Epoch 5/200
3149/3149 [==============================] - 33s - loss: 1.2144 - acc: 0.6335 - val_loss: 2.5766 - val_acc: 0.2765
Epoch 6/200
3149/3149 [==============================] - 33s - loss: 1.0025 - acc: 0.6936 - val_loss: 2.5673 - val_acc: 0.3755
Epoch 7/200
3149/3149 [==============================] - 33s - loss: 0.8787 - acc: 0.7272 - val_loss: 2.6549 - val_acc: 0.3791
Epoch 8/200
3149/3149 [==============================] - 33s - loss: 0.7410 - acc: 0.7752 - val_loss: 2.7963 - val_acc: 0.3347
Epoch 9/200
3149/3149 [==============================] - 33s - loss: 0.6436 - acc: 0.7980 - val_loss: 2.6877 - val_acc: 0.4313
Epoch 10/200
3149/3149 [==============================] - 33s - loss: 0.5471 - acc: 0.8298 - val_loss: 2.5082 - val_acc: 0.4619
Epoch 11/200
3149/3149 [==============================] - 33s - loss: 0.4864 - acc: 0.8520 - val_loss: 2.6885 - val_acc: 0.3605
Epoch 12/200
3149/3149 [==============================] - 34s - loss: 0.4345 - acc: 0.8669 - val_loss: 2.5260 - val_acc: 0.4607
Epoch 13/200
3149/3149 [==============================] - 33s - loss: 0.4016 - acc: 0.8800 - val_loss: 2.5687 - val_acc: 0.4631
Epoch 14/200
3149/3149 [==============================] - 33s - loss: 0.3381 - acc: 0.8946 - val_loss: 2.5464 - val_acc: 0.5021
Epoch 15/200
3149/3149 [==============================] - 33s - loss: 0.2991 - acc: 0.9101 - val_loss: 3.0710 - val_acc: 0.4397
Epoch 16/200
3149/3149 [==============================] - 33s - loss: 0.2680 - acc: 0.9206 - val_loss: 2.6937 - val_acc: 0.4967
Epoch 17/200
3149/3149 [==============================] - 34s - loss: 0.2789 - acc: 0.9158 - val_loss: 3.4525 - val_acc: 0.4433
Epoch 18/200
3149/3149 [==============================] - 33s - loss: 0.2542 - acc: 0.9197 - val_loss: 2.9600 - val_acc: 0.4733
Epoch 19/200
3149/3149 [==============================] - 34s - loss: 0.2300 - acc: 0.9298 - val_loss: 3.3126 - val_acc: 0.4421
Epoch 20/200
3149/3149 [==============================] - 34s - loss: 0.1912 - acc: 0.9406 - val_loss: 2.8177 - val_acc: 0.4547
Epoch 21/200
3149/3149 [==============================] - 34s - loss: 0.1782 - acc: 0.9479 - val_loss: 2.9186 - val_acc: 0.4733
Epoch 22/200
3149/3149 [==============================] - 34s - loss: 0.1771 - acc: 0.9444 - val_loss: 2.8062 - val_acc: 0.4853
Epoch 23/200
3149/3149 [==============================] - 34s - loss: 0.1730 - acc: 0.9520 - val_loss: 2.9292 - val_acc: 0.4859
Epoch 24/200
3149/3149 [==============================] - 34s - loss: 0.1581 - acc: 0.9514 - val_loss: 3.2576 - val_acc: 0.4493
Epoch 25/200
3149/3149 [==============================] - 34s - loss: 0.1703 - acc: 0.9498 - val_loss: 3.1770 - val_acc: 0.4565
Epoch 26/200
3149/3149 [==============================] - 34s - loss: 0.1431 - acc: 0.9578 - val_loss: 3.1059 - val_acc: 0.4769
Epoch 27/200
3149/3149 [==============================] - 34s - loss: 0.1515 - acc: 0.9578 - val_loss: 3.4308 - val_acc: 0.4373
Epoch 28/200
3149/3149 [==============================] - 34s - loss: 0.1356 - acc: 0.9613 - val_loss: 3.7411 - val_acc: 0.4001
Epoch 29/200
3149/3149 [==============================] - 34s - loss: 0.1212 - acc: 0.9654 - val_loss: 3.5154 - val_acc: 0.4613
Epoch 30/200
3149/3149 [==============================] - 34s - loss: 0.1129 - acc: 0.9654 - val_loss: 3.2280 - val_acc: 0.4499
Epoch 31/200
3149/3149 [==============================] - 34s - loss: 0.1220 - acc: 0.9641 - val_loss: 3.3224 - val_acc: 0.4667
Epoch 32/200
3149/3149 [==============================] - 34s - loss: 0.1185 - acc: 0.9660 - val_loss: 3.1218 - val_acc: 0.4691
Epoch 33/200
3149/3149 [==============================] - 34s - loss: 0.0913 - acc: 0.9743 - val_loss: 3.9953 - val_acc: 0.4373
Epoch 34/200
3149/3149 [==============================] - 34s - loss: 0.0945 - acc: 0.9714 - val_loss: 3.2716 - val_acc: 0.5027
Epoch 35/200
3149/3149 [==============================] - 34s - loss: 0.1058 - acc: 0.9701 - val_loss: 2.9412 - val_acc: 0.4793
Epoch 36/200
3149/3149 [==============================] - 34s - loss: 0.0755 - acc: 0.9800 - val_loss: 3.3519 - val_acc: 0.4907
Epoch 37/200
3149/3149 [==============================] - 34s - loss: 0.0733 - acc: 0.9803 - val_loss: 3.3467 - val_acc: 0.4661
Epoch 38/200
3149/3149 [==============================] - 34s - loss: 0.0744 - acc: 0.9775 - val_loss: 3.8528 - val_acc: 0.4529
Epoch 39/200
3149/3149 [==============================] - 34s - loss: 0.0825 - acc: 0.9746 - val_loss: 3.1384 - val_acc: 0.5021
Epoch 40/200
3149/3149 [==============================] - 34s - loss: 0.1032 - acc: 0.9721 - val_loss: 3.6484 - val_acc: 0.4709
Epoch 41/200
3149/3149 [==============================] - 34s - loss: 0.0705 - acc: 0.9800 - val_loss: 3.1890 - val_acc: 0.4979
Epoch 42/200
3149/3149 [==============================] - 34s - loss: 0.0805 - acc: 0.9771 - val_loss: 3.7935 - val_acc: 0.4769
Epoch 43/200
3149/3149 [==============================] - 34s - loss: 0.0694 - acc: 0.9797 - val_loss: 3.2600 - val_acc: 0.5021
Epoch 44/200
3149/3149 [==============================] - 34s - loss: 0.0722 - acc: 0.9790 - val_loss: 3.7646 - val_acc: 0.4655
Epoch 45/200
3149/3149 [==============================] - 34s - loss: 0.0756 - acc: 0.9784 - val_loss: 3.2098 - val_acc: 0.4907
Epoch 46/200
3149/3149 [==============================] - 34s - loss: 0.0778 - acc: 0.9781 - val_loss: 3.5341 - val_acc: 0.4811
Epoch 47/200
3149/3149 [==============================] - 34s - loss: 0.0608 - acc: 0.9816 - val_loss: 3.3012 - val_acc: 0.4919
Epoch 48/200
3149/3149 [==============================] - 34s - loss: 0.0704 - acc: 0.9794 - val_loss: 3.2224 - val_acc: 0.5057
Epoch 49/200
3149/3149 [==============================] - 34s - loss: 0.0592 - acc: 0.9844 - val_loss: 3.1608 - val_acc: 0.5015
Epoch 50/200
3149/3149 [==============================] - 34s - loss: 0.0613 - acc: 0.9848 - val_loss: 3.2009 - val_acc: 0.4691
Epoch 51/200
3149/3149 [==============================] - 34s - loss: 0.0510 - acc: 0.9863 - val_loss: 3.2028 - val_acc: 0.4829
Epoch 52/200
3149/3149 [==============================] - 34s - loss: 0.0641 - acc: 0.9797 - val_loss: 3.9044 - val_acc: 0.4667
Epoch 53/200
3149/3149 [==============================] - 34s - loss: 0.0579 - acc: 0.9832 - val_loss: 3.7762 - val_acc: 0.4679
Epoch 54/200
3149/3149 [==============================] - 34s - loss: 0.0682 - acc: 0.9803 - val_loss: 3.3241 - val_acc: 0.4943
Epoch 55/200
3149/3149 [==============================] - 34s - loss: 0.0621 - acc: 0.9822 - val_loss: 3.4097 - val_acc: 0.4889
Epoch 56/200
3149/3149 [==============================] - 34s - loss: 0.0517 - acc: 0.9870 - val_loss: 3.3874 - val_acc: 0.4715
Epoch 57/200
3149/3149 [==============================] - 34s - loss: 0.0510 - acc: 0.9848 - val_loss: 3.7905 - val_acc: 0.4619
Epoch 58/200
3149/3149 [==============================] - 34s - loss: 0.0510 - acc: 0.9870 - val_loss: 3.6081 - val_acc: 0.4595
Epoch 59/200
3149/3149 [==============================] - 34s - loss: 0.0518 - acc: 0.9844 - val_loss: 3.5720 - val_acc: 0.4601
Epoch 60/200
3149/3149 [==============================] - 34s - loss: 0.0580 - acc: 0.9829 - val_loss: 3.8844 - val_acc: 0.4655
Epoch 61/200
3149/3149 [==============================] - 34s - loss: 0.0583 - acc: 0.9841 - val_loss: 3.5095 - val_acc: 0.4895
Epoch 62/200
3149/3149 [==============================] - 34s - loss: 0.0391 - acc: 0.9883 - val_loss: 3.9953 - val_acc: 0.4607
Epoch 63/200
3149/3149 [==============================] - 34s - loss: 0.0361 - acc: 0.9905 - val_loss: 3.5585 - val_acc: 0.4757
Epoch 64/200
3149/3149 [==============================] - 34s - loss: 0.0372 - acc: 0.9908 - val_loss: 3.6801 - val_acc: 0.4751
Epoch 65/200
3149/3149 [==============================] - 34s - loss: 0.0454 - acc: 0.9863 - val_loss: 3.8356 - val_acc: 0.4805
Epoch 66/200
3149/3149 [==============================] - 34s - loss: 0.0378 - acc: 0.9905 - val_loss: 3.5936 - val_acc: 0.4877
Epoch 67/200
3149/3149 [==============================] - 34s - loss: 0.0381 - acc: 0.9870 - val_loss: 3.5549 - val_acc: 0.4769
Epoch 68/200
3149/3149 [==============================] - 34s - loss: 0.0493 - acc: 0.9870 - val_loss: 3.9705 - val_acc: 0.4841
Epoch 69/200
3149/3149 [==============================] - 34s - loss: 0.0462 - acc: 0.9860 - val_loss: 3.5206 - val_acc: 0.4955
Epoch 70/200
3149/3149 [==============================] - 34s - loss: 0.0440 - acc: 0.9857 - val_loss: 3.6471 - val_acc: 0.4973
Epoch 71/200
3149/3149 [==============================] - 34s - loss: 0.0405 - acc: 0.9889 - val_loss: 3.5635 - val_acc: 0.4727
Epoch 72/200
3149/3149 [==============================] - 34s - loss: 0.0353 - acc: 0.9898 - val_loss: 3.6359 - val_acc: 0.4745
Epoch 73/200
3149/3149 [==============================] - 34s - loss: 0.0367 - acc: 0.9895 - val_loss: 3.4920 - val_acc: 0.4913
Epoch 74/200
3149/3149 [==============================] - 34s - loss: 0.0357 - acc: 0.9911 - val_loss: 3.6070 - val_acc: 0.4889
Epoch 75/200
3149/3149 [==============================] - 34s - loss: 0.0307 - acc: 0.9914 - val_loss: 3.5863 - val_acc: 0.4943
Epoch 76/200
3149/3149 [==============================] - 34s - loss: 0.0337 - acc: 0.9917 - val_loss: 3.6137 - val_acc: 0.4835
Epoch 77/200
3149/3149 [==============================] - 34s - loss: 0.0383 - acc: 0.9902 - val_loss: 4.3312 - val_acc: 0.4511
Epoch 78/200
3149/3149 [==============================] - 34s - loss: 0.0342 - acc: 0.9905 - val_loss: 3.7884 - val_acc: 0.4793
Epoch 79/200
3149/3149 [==============================] - 34s - loss: 0.0354 - acc: 0.9895 - val_loss: 3.5864 - val_acc: 0.4769
Epoch 80/200
3149/3149 [==============================] - 34s - loss: 0.0353 - acc: 0.9886 - val_loss: 3.9398 - val_acc: 0.4937
Epoch 81/200
3149/3149 [==============================] - 34s - loss: 0.0323 - acc: 0.9908 - val_loss: 3.8401 - val_acc: 0.4709
Epoch 82/200
3149/3149 [==============================] - 34s - loss: 0.0515 - acc: 0.9854 - val_loss: 3.9752 - val_acc: 0.4403
Epoch 83/200
3149/3149 [==============================] - 34s - loss: 0.0433 - acc: 0.9870 - val_loss: 3.7599 - val_acc: 0.4655
Epoch 84/200
3149/3149 [==============================] - 34s - loss: 0.0381 - acc: 0.9889 - val_loss: 3.7982 - val_acc: 0.4727
Epoch 85/200
3149/3149 [==============================] - 34s - loss: 0.0391 - acc: 0.9886 - val_loss: 3.8735 - val_acc: 0.4643
Epoch 86/200
3149/3149 [==============================] - 34s - loss: 0.0362 - acc: 0.9886 - val_loss: 3.9260 - val_acc: 0.4799
Epoch 87/200
3149/3149 [==============================] - 34s - loss: 0.0540 - acc: 0.9854 - val_loss: 4.4889 - val_acc: 0.4559
Epoch 88/200
3149/3149 [==============================] - 34s - loss: 0.0495 - acc: 0.9879 - val_loss: 4.4281 - val_acc: 0.4481
Epoch 89/200
3149/3149 [==============================] - 34s - loss: 0.0376 - acc: 0.9889 - val_loss: 3.6791 - val_acc: 0.4907
Epoch 90/200
3149/3149 [==============================] - 34s - loss: 0.0367 - acc: 0.9902 - val_loss: 3.9445 - val_acc: 0.4859
Epoch 91/200
3149/3149 [==============================] - 34s - loss: 0.0370 - acc: 0.9895 - val_loss: 4.2137 - val_acc: 0.4703
Epoch 92/200
3149/3149 [==============================] - 34s - loss: 0.0377 - acc: 0.9892 - val_loss: 4.2143 - val_acc: 0.4679
Epoch 93/200
3149/3149 [==============================] - 34s - loss: 0.0318 - acc: 0.9905 - val_loss: 4.1124 - val_acc: 0.4889
Epoch 94/200
3149/3149 [==============================] - 34s - loss: 0.0285 - acc: 0.9927 - val_loss: 3.8989 - val_acc: 0.4547
Epoch 95/200
3149/3149 [==============================] - 34s - loss: 0.0295 - acc: 0.9924 - val_loss: 4.0004 - val_acc: 0.4961
Epoch 96/200
3149/3149 [==============================] - 34s - loss: 0.0259 - acc: 0.9924 - val_loss: 3.8899 - val_acc: 0.4823
Epoch 97/200
3149/3149 [==============================] - 34s - loss: 0.0283 - acc: 0.9911 - val_loss: 3.7763 - val_acc: 0.4691
Epoch 98/200
3149/3149 [==============================] - 34s - loss: 0.0315 - acc: 0.9905 - val_loss: 4.2967 - val_acc: 0.4907
Epoch 99/200
3149/3149 [==============================] - 34s - loss: 0.0276 - acc: 0.9927 - val_loss: 3.7938 - val_acc: 0.5063
Epoch 100/200
3149/3149 [==============================] - 34s - loss: 0.0288 - acc: 0.9927 - val_loss: 3.6969 - val_acc: 0.4865
Epoch 101/200
3149/3149 [==============================] - 34s - loss: 0.0286 - acc: 0.9927 - val_loss: 3.5742 - val_acc: 0.4841
Epoch 102/200
3149/3149 [==============================] - 34s - loss: 0.0372 - acc: 0.9914 - val_loss: 3.7487 - val_acc: 0.4697
Epoch 103/200
3149/3149 [==============================] - 34s - loss: 0.0411 - acc: 0.9892 - val_loss: 3.7629 - val_acc: 0.4871
Epoch 104/200
3149/3149 [==============================] - 34s - loss: 0.0328 - acc: 0.9917 - val_loss: 3.7615 - val_acc: 0.4883
Epoch 105/200
3149/3149 [==============================] - 34s - loss: 0.0340 - acc: 0.9914 - val_loss: 3.5020 - val_acc: 0.5123
Epoch 106/200
3149/3149 [==============================] - 34s - loss: 0.0270 - acc: 0.9914 - val_loss: 4.3923 - val_acc: 0.4787
Epoch 107/200
3149/3149 [==============================] - 34s - loss: 0.0303 - acc: 0.9902 - val_loss: 3.6493 - val_acc: 0.5039
Epoch 108/200
3149/3149 [==============================] - 34s - loss: 0.0271 - acc: 0.9917 - val_loss: 3.6356 - val_acc: 0.4907
Epoch 109/200
3149/3149 [==============================] - 34s - loss: 0.0283 - acc: 0.9914 - val_loss: 4.1357 - val_acc: 0.4739
Epoch 110/200
3149/3149 [==============================] - 34s - loss: 0.0328 - acc: 0.9914 - val_loss: 3.9609 - val_acc: 0.4937
Epoch 111/200
3149/3149 [==============================] - 34s - loss: 0.0290 - acc: 0.9911 - val_loss: 3.7653 - val_acc: 0.4907
Epoch 112/200
3149/3149 [==============================] - 34s - loss: 0.0268 - acc: 0.9930 - val_loss: 4.1141 - val_acc: 0.4823
Epoch 113/200
3149/3149 [==============================] - 34s - loss: 0.0369 - acc: 0.9892 - val_loss: 3.9562 - val_acc: 0.4739
Epoch 114/200
3149/3149 [==============================] - 34s - loss: 0.0286 - acc: 0.9905 - val_loss: 3.9589 - val_acc: 0.4889
Epoch 115/200
3149/3149 [==============================] - 34s - loss: 0.0288 - acc: 0.9917 - val_loss: 3.6143 - val_acc: 0.5111
Epoch 116/200
3149/3149 [==============================] - 34s - loss: 0.0274 - acc: 0.9927 - val_loss: 4.4000 - val_acc: 0.4481
Epoch 117/200
3149/3149 [==============================] - 34s - loss: 0.0328 - acc: 0.9895 - val_loss: 3.9571 - val_acc: 0.5123
Epoch 118/200
3149/3149 [==============================] - 34s - loss: 0.0320 - acc: 0.9911 - val_loss: 4.6477 - val_acc: 0.4475
Epoch 119/200
3149/3149 [==============================] - 34s - loss: 0.0296 - acc: 0.9905 - val_loss: 3.7855 - val_acc: 0.5015
Epoch 120/200
3149/3149 [==============================] - 34s - loss: 0.0247 - acc: 0.9933 - val_loss: 3.6672 - val_acc: 0.5045
Epoch 121/200
3149/3149 [==============================] - 34s - loss: 0.0257 - acc: 0.9930 - val_loss: 3.9543 - val_acc: 0.4949
Epoch 122/200
3149/3149 [==============================] - 34s - loss: 0.0269 - acc: 0.9924 - val_loss: 3.9428 - val_acc: 0.4919
Epoch 123/200
3149/3149 [==============================] - 34s - loss: 0.0270 - acc: 0.9921 - val_loss: 4.5231 - val_acc: 0.4541
Epoch 124/200
3149/3149 [==============================] - 34s - loss: 0.0260 - acc: 0.9933 - val_loss: 4.1049 - val_acc: 0.4907
Epoch 125/200
3149/3149 [==============================] - 34s - loss: 0.0262 - acc: 0.9924 - val_loss: 4.0021 - val_acc: 0.4949
Epoch 126/200
3149/3149 [==============================] - 34s - loss: 0.0284 - acc: 0.9895 - val_loss: 3.7727 - val_acc: 0.4937
Epoch 127/200
3149/3149 [==============================] - 34s - loss: 0.0285 - acc: 0.9921 - val_loss: 3.9253 - val_acc: 0.4877
Epoch 128/200
3149/3149 [==============================] - 34s - loss: 0.0261 - acc: 0.9917 - val_loss: 3.6850 - val_acc: 0.4961
Epoch 129/200
3149/3149 [==============================] - 34s - loss: 0.0255 - acc: 0.9927 - val_loss: 3.5547 - val_acc: 0.5015
Epoch 130/200
3149/3149 [==============================] - 34s - loss: 0.0252 - acc: 0.9940 - val_loss: 3.8184 - val_acc: 0.5117
Epoch 131/200
3149/3149 [==============================] - 34s - loss: 0.0243 - acc: 0.9930 - val_loss: 3.7767 - val_acc: 0.5057
Epoch 132/200
3149/3149 [==============================] - 34s - loss: 0.0205 - acc: 0.9936 - val_loss: 3.6721 - val_acc: 0.5123
Epoch 133/200
3149/3149 [==============================] - 34s - loss: 0.0226 - acc: 0.9940 - val_loss: 3.7401 - val_acc: 0.5129
Epoch 134/200
3149/3149 [==============================] - 34s - loss: 0.0227 - acc: 0.9933 - val_loss: 3.6116 - val_acc: 0.5069
Epoch 135/200
3149/3149 [==============================] - 34s - loss: 0.0203 - acc: 0.9940 - val_loss: 3.7446 - val_acc: 0.5237
Epoch 136/200
3149/3149 [==============================] - 34s - loss: 0.0223 - acc: 0.9936 - val_loss: 3.6949 - val_acc: 0.5153
Epoch 137/200
3149/3149 [==============================] - 34s - loss: 0.0288 - acc: 0.9911 - val_loss: 3.6814 - val_acc: 0.5003
Epoch 138/200
3149/3149 [==============================] - 34s - loss: 0.0354 - acc: 0.9911 - val_loss: 3.8785 - val_acc: 0.5333
Epoch 139/200
3149/3149 [==============================] - 34s - loss: 0.0299 - acc: 0.9898 - val_loss: 4.3379 - val_acc: 0.4907
Epoch 140/200
3149/3149 [==============================] - 34s - loss: 0.0217 - acc: 0.9940 - val_loss: 3.8641 - val_acc: 0.5135
Epoch 141/200
3149/3149 [==============================] - 34s - loss: 0.0226 - acc: 0.9927 - val_loss: 3.8225 - val_acc: 0.5087
Epoch 142/200
3149/3149 [==============================] - 34s - loss: 0.0201 - acc: 0.9940 - val_loss: 3.7245 - val_acc: 0.5231
Epoch 143/200
3149/3149 [==============================] - 34s - loss: 0.0200 - acc: 0.9946 - val_loss: 3.6979 - val_acc: 0.5207
Epoch 144/200
3149/3149 [==============================] - 34s - loss: 0.0239 - acc: 0.9927 - val_loss: 3.9509 - val_acc: 0.5081
Epoch 145/200
3149/3149 [==============================] - 34s - loss: 0.0204 - acc: 0.9943 - val_loss: 3.6943 - val_acc: 0.5111
Epoch 146/200
3149/3149 [==============================] - 34s - loss: 0.0249 - acc: 0.9921 - val_loss: 3.9066 - val_acc: 0.5063
Epoch 147/200
3149/3149 [==============================] - 34s - loss: 0.0249 - acc: 0.9930 - val_loss: 3.7328 - val_acc: 0.4979
Epoch 148/200
3149/3149 [==============================] - 34s - loss: 0.0209 - acc: 0.9933 - val_loss: 3.7460 - val_acc: 0.5111
Epoch 149/200
3149/3149 [==============================] - 34s - loss: 0.0210 - acc: 0.9930 - val_loss: 3.6682 - val_acc: 0.5147
Epoch 150/200
3149/3149 [==============================] - 34s - loss: 0.0200 - acc: 0.9946 - val_loss: 3.6445 - val_acc: 0.5183
Epoch 151/200
3149/3149 [==============================] - 34s - loss: 0.0221 - acc: 0.9936 - val_loss: 3.3144 - val_acc: 0.5123
Epoch 152/200
3149/3149 [==============================] - 34s - loss: 0.0250 - acc: 0.9933 - val_loss: 3.8287 - val_acc: 0.5087
Epoch 153/200
3149/3149 [==============================] - 34s - loss: 0.0205 - acc: 0.9943 - val_loss: 4.4579 - val_acc: 0.4637
Epoch 154/200
3149/3149 [==============================] - 34s - loss: 0.0215 - acc: 0.9936 - val_loss: 3.7700 - val_acc: 0.5081
Epoch 155/200
3149/3149 [==============================] - 34s - loss: 0.0236 - acc: 0.9930 - val_loss: 4.0042 - val_acc: 0.4955
Epoch 156/200
3149/3149 [==============================] - 34s - loss: 0.0241 - acc: 0.9933 - val_loss: 4.0371 - val_acc: 0.4901
Epoch 157/200
3149/3149 [==============================] - 34s - loss: 0.0180 - acc: 0.9952 - val_loss: 4.0555 - val_acc: 0.4853
Epoch 158/200
3149/3149 [==============================] - 34s - loss: 0.0203 - acc: 0.9930 - val_loss: 4.1182 - val_acc: 0.5045
Epoch 159/200
3149/3149 [==============================] - 34s - loss: 0.0195 - acc: 0.9943 - val_loss: 3.8496 - val_acc: 0.5009
Epoch 160/200
3149/3149 [==============================] - 34s - loss: 0.0185 - acc: 0.9943 - val_loss: 4.0412 - val_acc: 0.5117
Epoch 161/200
3149/3149 [==============================] - 34s - loss: 0.0180 - acc: 0.9949 - val_loss: 3.8203 - val_acc: 0.5123
Epoch 162/200
3149/3149 [==============================] - 34s - loss: 0.0171 - acc: 0.9949 - val_loss: 3.7657 - val_acc: 0.5087
Epoch 163/200
3149/3149 [==============================] - 34s - loss: 0.0224 - acc: 0.9946 - val_loss: 4.0227 - val_acc: 0.4919
Epoch 164/200
3149/3149 [==============================] - 34s - loss: 0.0245 - acc: 0.9936 - val_loss: 4.1294 - val_acc: 0.4949
Epoch 165/200
3149/3149 [==============================] - 34s - loss: 0.0172 - acc: 0.9956 - val_loss: 4.0248 - val_acc: 0.4961
Epoch 166/200
3149/3149 [==============================] - 34s - loss: 0.0167 - acc: 0.9952 - val_loss: 4.0738 - val_acc: 0.4895
Epoch 167/200
3149/3149 [==============================] - 34s - loss: 0.0171 - acc: 0.9949 - val_loss: 4.0906 - val_acc: 0.4931
Epoch 168/200
3149/3149 [==============================] - 34s - loss: 0.0247 - acc: 0.9930 - val_loss: 4.2284 - val_acc: 0.4739
Epoch 169/200
3149/3149 [==============================] - 34s - loss: 0.0215 - acc: 0.9936 - val_loss: 3.8460 - val_acc: 0.4703
Epoch 170/200
3149/3149 [==============================] - 34s - loss: 0.0166 - acc: 0.9962 - val_loss: 3.8570 - val_acc: 0.4943
Epoch 171/200
3149/3149 [==============================] - 34s - loss: 0.0209 - acc: 0.9930 - val_loss: 4.5180 - val_acc: 0.4937
Epoch 172/200
3149/3149 [==============================] - 34s - loss: 0.0239 - acc: 0.9933 - val_loss: 3.8785 - val_acc: 0.4991
Epoch 173/200
3149/3149 [==============================] - 34s - loss: 0.0237 - acc: 0.9927 - val_loss: 3.8029 - val_acc: 0.4955
Epoch 174/200
3149/3149 [==============================] - 34s - loss: 0.0245 - acc: 0.9921 - val_loss: 4.1098 - val_acc: 0.4523
Epoch 175/200
3149/3149 [==============================] - 34s - loss: 0.0285 - acc: 0.9914 - val_loss: 3.7220 - val_acc: 0.4985
Epoch 176/200
3149/3149 [==============================] - 34s - loss: 0.0243 - acc: 0.9927 - val_loss: 3.9392 - val_acc: 0.5183
Epoch 177/200
3149/3149 [==============================] - 34s - loss: 0.0193 - acc: 0.9952 - val_loss: 4.0351 - val_acc: 0.5105
Epoch 178/200
3149/3149 [==============================] - 34s - loss: 0.0206 - acc: 0.9936 - val_loss: 4.1275 - val_acc: 0.4883
Epoch 179/200
3149/3149 [==============================] - 34s - loss: 0.0192 - acc: 0.9943 - val_loss: 3.8580 - val_acc: 0.5093
Epoch 180/200
3149/3149 [==============================] - 34s - loss: 0.0167 - acc: 0.9940 - val_loss: 3.9816 - val_acc: 0.5111
Epoch 181/200
3149/3149 [==============================] - 34s - loss: 0.0215 - acc: 0.9940 - val_loss: 4.2841 - val_acc: 0.3425
Epoch 182/200
3149/3149 [==============================] - 34s - loss: 0.0289 - acc: 0.9908 - val_loss: 4.0512 - val_acc: 0.4823
Epoch 183/200
3149/3149 [==============================] - 34s - loss: 0.0221 - acc: 0.9940 - val_loss: 4.1698 - val_acc: 0.4991
Epoch 184/200
3149/3149 [==============================] - 34s - loss: 0.0182 - acc: 0.9946 - val_loss: 3.7382 - val_acc: 0.5105
Epoch 185/200
3149/3149 [==============================] - 34s - loss: 0.0165 - acc: 0.9956 - val_loss: 3.7772 - val_acc: 0.4955
Epoch 186/200
3149/3149 [==============================] - 34s - loss: 0.0180 - acc: 0.9949 - val_loss: 3.6942 - val_acc: 0.4937
Epoch 187/200
3149/3149 [==============================] - 34s - loss: 0.0172 - acc: 0.9952 - val_loss: 3.7938 - val_acc: 0.5027
Epoch 188/200
3149/3149 [==============================] - 34s - loss: 0.0165 - acc: 0.9956 - val_loss: 4.7814 - val_acc: 0.4661
Epoch 189/200
3149/3149 [==============================] - 34s - loss: 0.0169 - acc: 0.9956 - val_loss: 3.9229 - val_acc: 0.4991
Epoch 190/200
3149/3149 [==============================] - 34s - loss: 0.0169 - acc: 0.9949 - val_loss: 3.9567 - val_acc: 0.5027
Epoch 191/200
3149/3149 [==============================] - 34s - loss: 0.0162 - acc: 0.9946 - val_loss: 3.7154 - val_acc: 0.5015
Epoch 192/200
3149/3149 [==============================] - 34s - loss: 0.0144 - acc: 0.9962 - val_loss: 3.7204 - val_acc: 0.5057
Epoch 193/200
3149/3149 [==============================] - 34s - loss: 0.0187 - acc: 0.9952 - val_loss: 3.5237 - val_acc: 0.4961
Epoch 194/200
3149/3149 [==============================] - 34s - loss: 0.0159 - acc: 0.9952 - val_loss: 4.9511 - val_acc: 0.4337
Epoch 195/200
3149/3149 [==============================] - 34s - loss: 0.0170 - acc: 0.9959 - val_loss: 4.2700 - val_acc: 0.4931
Epoch 196/200
3149/3149 [==============================] - 34s - loss: 0.0172 - acc: 0.9952 - val_loss: 4.0515 - val_acc: 0.4895
Epoch 197/200
3149/3149 [==============================] - 34s - loss: 0.0138 - acc: 0.9959 - val_loss: 3.9675 - val_acc: 0.4817
Epoch 198/200
3149/3149 [==============================] - 34s - loss: 0.0145 - acc: 0.9956 - val_loss: 3.9351 - val_acc: 0.4805
Epoch 199/200
3149/3149 [==============================] - 34s - loss: 0.0128 - acc: 0.9965 - val_loss: 4.0064 - val_acc: 0.4781
Epoch 200/200
3149/3149 [==============================] - 34s - loss: 0.0144 - acc: 0.9956 - val_loss: 3.8401 - val_acc: 0.4811
Tue, 06 Dec 2016 16:02:28 +0000
The weights have been saved in: ./weights/2016_12_06_14:07:41_cuberun.h5

