Allocated GPU(s) with id(s):  3
Mon, 05 Dec 2016 17:32:42 +0000
mini-batch:  1 / 25
Train on 2502 samples, validate on 1667 samples
Epoch 1/10
2502/2502 [==============================] - 29s - loss: 2.7861 - acc: 0.2098 - val_loss: 3.0689 - val_acc: 0.0210
Epoch 2/10
2502/2502 [==============================] - 27s - loss: 2.3332 - acc: 0.3253 - val_loss: 3.2999 - val_acc: 0.1530
Epoch 3/10
2502/2502 [==============================] - 28s - loss: 1.7959 - acc: 0.4784 - val_loss: 4.5978 - val_acc: 0.1584
Epoch 4/10
2502/2502 [==============================] - 29s - loss: 1.3953 - acc: 0.5831 - val_loss: 5.3019 - val_acc: 0.0948
Epoch 5/10
2502/2502 [==============================] - 29s - loss: 1.0977 - acc: 0.6639 - val_loss: 7.1865 - val_acc: 0.0906
Epoch 6/10
2502/2502 [==============================] - 29s - loss: 0.8208 - acc: 0.7454 - val_loss: 8.7256 - val_acc: 0.1572
Epoch 7/10
2502/2502 [==============================] - 29s - loss: 0.6508 - acc: 0.7978 - val_loss: 5.7952 - val_acc: 0.0978
Epoch 8/10
2502/2502 [==============================] - 29s - loss: 0.5227 - acc: 0.8301 - val_loss: 9.2790 - val_acc: 0.1014
Epoch 9/10
2502/2502 [==============================] - 29s - loss: 0.4215 - acc: 0.8625 - val_loss: 9.7316 - val_acc: 0.1566
Epoch 10/10
2502/2502 [==============================] - 29s - loss: 0.3594 - acc: 0.8857 - val_loss: 7.7882 - val_acc: 0.1152
mini-batch:  2 / 25
Train on 2462 samples, validate on 1667 samples
Epoch 1/10
2462/2462 [==============================] - 27s - loss: 1.6894 - acc: 0.5414 - val_loss: 6.1127 - val_acc: 0.0822
Epoch 2/10
2462/2462 [==============================] - 29s - loss: 0.8476 - acc: 0.7474 - val_loss: 6.6530 - val_acc: 0.0804
Epoch 3/10
2462/2462 [==============================] - 29s - loss: 0.5391 - acc: 0.8327 - val_loss: 8.3667 - val_acc: 0.0534
Epoch 4/10
2462/2462 [==============================] - 29s - loss: 0.3711 - acc: 0.8887 - val_loss: 7.1776 - val_acc: 0.0942
Epoch 5/10
2462/2462 [==============================] - 29s - loss: 0.2709 - acc: 0.9159 - val_loss: 7.5297 - val_acc: 0.0822
Epoch 6/10
2462/2462 [==============================] - 29s - loss: 0.2338 - acc: 0.9305 - val_loss: 7.1542 - val_acc: 0.1074
Epoch 7/10
2462/2462 [==============================] - 29s - loss: 0.2058 - acc: 0.9387 - val_loss: 7.6017 - val_acc: 0.1062
Epoch 8/10
2462/2462 [==============================] - 29s - loss: 0.1622 - acc: 0.9500 - val_loss: 7.0582 - val_acc: 0.0990
Epoch 9/10
2462/2462 [==============================] - 29s - loss: 0.1242 - acc: 0.9594 - val_loss: 8.3264 - val_acc: 0.1062
Epoch 10/10
2462/2462 [==============================] - 29s - loss: 0.1076 - acc: 0.9687 - val_loss: 9.0512 - val_acc: 0.1146
mini-batch:  3 / 25
Train on 2585 samples, validate on 1667 samples
Epoch 1/10
2585/2585 [==============================] - 28s - loss: 1.3540 - acc: 0.6677 - val_loss: 3.7449 - val_acc: 0.1638
Epoch 2/10
2585/2585 [==============================] - 30s - loss: 0.4659 - acc: 0.8662 - val_loss: 2.5209 - val_acc: 0.2382
Epoch 3/10
2585/2585 [==============================] - 30s - loss: 0.2818 - acc: 0.9215 - val_loss: 2.8719 - val_acc: 0.2238
Epoch 4/10
2585/2585 [==============================] - 30s - loss: 0.1891 - acc: 0.9493 - val_loss: 3.8063 - val_acc: 0.1986
Epoch 5/10
2585/2585 [==============================] - 30s - loss: 0.1649 - acc: 0.9524 - val_loss: 2.9671 - val_acc: 0.2999
Epoch 6/10
2585/2585 [==============================] - 30s - loss: 0.1415 - acc: 0.9609 - val_loss: 3.0881 - val_acc: 0.2130
Epoch 7/10
2585/2585 [==============================] - 30s - loss: 0.0977 - acc: 0.9737 - val_loss: 3.8721 - val_acc: 0.1800
Epoch 8/10
2585/2585 [==============================] - 30s - loss: 0.0770 - acc: 0.9764 - val_loss: 4.5131 - val_acc: 0.1752
Epoch 9/10
2585/2585 [==============================] - 30s - loss: 0.0747 - acc: 0.9795 - val_loss: 4.2113 - val_acc: 0.2118
Epoch 10/10
2585/2585 [==============================] - 30s - loss: 0.0590 - acc: 0.9841 - val_loss: 3.2761 - val_acc: 0.2729
mini-batch:  4 / 25
Train on 2635 samples, validate on 1667 samples
Epoch 1/10
2635/2635 [==============================] - 29s - loss: 1.0251 - acc: 0.7328 - val_loss: 3.4376 - val_acc: 0.1650
Epoch 2/10
2635/2635 [==============================] - 31s - loss: 0.3466 - acc: 0.8892 - val_loss: 4.2880 - val_acc: 0.1230
Epoch 3/10
2635/2635 [==============================] - 31s - loss: 0.1943 - acc: 0.9412 - val_loss: 3.0366 - val_acc: 0.3083
Epoch 4/10
2635/2635 [==============================] - 31s - loss: 0.1385 - acc: 0.9586 - val_loss: 3.1520 - val_acc: 0.1704
Epoch 5/10
2635/2635 [==============================] - 31s - loss: 0.1338 - acc: 0.9620 - val_loss: 2.7974 - val_acc: 0.2699
Epoch 6/10
2635/2635 [==============================] - 30s - loss: 0.0897 - acc: 0.9738 - val_loss: 4.3294 - val_acc: 0.1386
Epoch 7/10
2635/2635 [==============================] - 30s - loss: 0.0833 - acc: 0.9757 - val_loss: 5.8277 - val_acc: 0.0672
Epoch 8/10
2635/2635 [==============================] - 31s - loss: 0.0679 - acc: 0.9837 - val_loss: 4.0389 - val_acc: 0.1878
Epoch 9/10
2635/2635 [==============================] - 30s - loss: 0.0605 - acc: 0.9818 - val_loss: 3.6559 - val_acc: 0.2088
Epoch 10/10
2635/2635 [==============================] - 30s - loss: 0.0604 - acc: 0.9829 - val_loss: 3.7491 - val_acc: 0.2807
mini-batch:  5 / 25
Train on 2627 samples, validate on 1667 samples
Epoch 1/10
2627/2627 [==============================] - 29s - loss: 0.9009 - acc: 0.7689 - val_loss: 2.6602 - val_acc: 0.2663
Epoch 2/10
2627/2627 [==============================] - 31s - loss: 0.2666 - acc: 0.9201 - val_loss: 4.0504 - val_acc: 0.1194
Epoch 3/10
2627/2627 [==============================] - 31s - loss: 0.2496 - acc: 0.9246 - val_loss: 2.5613 - val_acc: 0.2286
Epoch 4/10
2627/2627 [==============================] - 31s - loss: 0.1529 - acc: 0.9536 - val_loss: 2.7120 - val_acc: 0.2250
Epoch 5/10
2627/2627 [==============================] - 31s - loss: 0.1116 - acc: 0.9684 - val_loss: 2.8650 - val_acc: 0.1584
Epoch 6/10
2627/2627 [==============================] - 30s - loss: 0.0752 - acc: 0.9813 - val_loss: 2.9916 - val_acc: 0.1908
Epoch 7/10
2627/2627 [==============================] - 30s - loss: 0.0851 - acc: 0.9722 - val_loss: 2.5380 - val_acc: 0.2519
Epoch 8/10
2627/2627 [==============================] - 30s - loss: 0.0719 - acc: 0.9802 - val_loss: 2.5661 - val_acc: 0.2310
Epoch 9/10
2627/2627 [==============================] - 30s - loss: 0.0621 - acc: 0.9825 - val_loss: 2.4638 - val_acc: 0.3077
Epoch 10/10
2627/2627 [==============================] - 30s - loss: 0.0532 - acc: 0.9833 - val_loss: 2.6565 - val_acc: 0.2430
mini-batch:  6 / 25
Train on 2481 samples, validate on 1667 samples
Epoch 1/10
2481/2481 [==============================] - 27s - loss: 0.8646 - acc: 0.7819 - val_loss: 2.4348 - val_acc: 0.2825
Epoch 2/10
2481/2481 [==============================] - 29s - loss: 0.2993 - acc: 0.9085 - val_loss: 2.6652 - val_acc: 0.2184
Epoch 3/10
2481/2481 [==============================] - 29s - loss: 0.1785 - acc: 0.9407 - val_loss: 2.6267 - val_acc: 0.2789
Epoch 4/10
2481/2481 [==============================] - 29s - loss: 0.1858 - acc: 0.9452 - val_loss: 2.6481 - val_acc: 0.2058
Epoch 5/10
2481/2481 [==============================] - 29s - loss: 0.1108 - acc: 0.9674 - val_loss: 3.1943 - val_acc: 0.1986
Epoch 6/10
2481/2481 [==============================] - 29s - loss: 0.0782 - acc: 0.9774 - val_loss: 3.5543 - val_acc: 0.2148
Epoch 7/10
2481/2481 [==============================] - 29s - loss: 0.0657 - acc: 0.9819 - val_loss: 4.6574 - val_acc: 0.1830
Epoch 8/10
2481/2481 [==============================] - 29s - loss: 0.0625 - acc: 0.9831 - val_loss: 7.4199 - val_acc: 0.1338
Epoch 9/10
2481/2481 [==============================] - 29s - loss: 0.0922 - acc: 0.9714 - val_loss: 3.5358 - val_acc: 0.2028
Epoch 10/10
2481/2481 [==============================] - 29s - loss: 0.0641 - acc: 0.9827 - val_loss: 4.4864 - val_acc: 0.2124
mini-batch:  7 / 25
Train on 2757 samples, validate on 1667 samples
Epoch 1/10
2757/2757 [==============================] - 30s - loss: 0.7801 - acc: 0.8052 - val_loss: 3.9015 - val_acc: 0.1290
Epoch 2/10
2757/2757 [==============================] - 32s - loss: 0.2375 - acc: 0.9329 - val_loss: 2.8495 - val_acc: 0.2136
Epoch 3/10
2757/2757 [==============================] - 32s - loss: 0.1626 - acc: 0.9496 - val_loss: 2.8069 - val_acc: 0.2364
Epoch 4/10
2757/2757 [==============================] - 32s - loss: 0.0996 - acc: 0.9695 - val_loss: 2.8641 - val_acc: 0.2088
Epoch 5/10
2757/2757 [==============================] - 32s - loss: 0.0743 - acc: 0.9793 - val_loss: 2.5047 - val_acc: 0.2729
Epoch 6/10
2757/2757 [==============================] - 32s - loss: 0.0616 - acc: 0.9822 - val_loss: 2.7932 - val_acc: 0.2232
Epoch 7/10
2757/2757 [==============================] - 32s - loss: 0.0541 - acc: 0.9869 - val_loss: 3.5834 - val_acc: 0.2004
Epoch 8/10
2757/2757 [==============================] - 32s - loss: 0.0485 - acc: 0.9855 - val_loss: 2.9320 - val_acc: 0.2741
Epoch 9/10
2757/2757 [==============================] - 32s - loss: 0.0483 - acc: 0.9855 - val_loss: 2.7028 - val_acc: 0.2669
Epoch 10/10
2757/2757 [==============================] - 32s - loss: 0.0381 - acc: 0.9891 - val_loss: 2.5319 - val_acc: 0.2843
mini-batch:  8 / 25
Train on 2753 samples, validate on 1667 samples
Epoch 1/10
2753/2753 [==============================] - 29s - loss: 0.7295 - acc: 0.8078 - val_loss: 2.9518 - val_acc: 0.3065
Epoch 2/10
2753/2753 [==============================] - 32s - loss: 0.4120 - acc: 0.8740 - val_loss: 3.8474 - val_acc: 0.1854
Epoch 3/10
2753/2753 [==============================] - 32s - loss: 0.1776 - acc: 0.9441 - val_loss: 2.6705 - val_acc: 0.2400
Epoch 4/10
2753/2753 [==============================] - 32s - loss: 0.1214 - acc: 0.9608 - val_loss: 2.8399 - val_acc: 0.1944
Epoch 5/10
2753/2753 [==============================] - 32s - loss: 0.1209 - acc: 0.9648 - val_loss: 2.7224 - val_acc: 0.2118
Epoch 6/10
2753/2753 [==============================] - 32s - loss: 0.3050 - acc: 0.9226 - val_loss: 5.1651 - val_acc: 0.1098
Epoch 7/10
2753/2753 [==============================] - 31s - loss: 0.0883 - acc: 0.9738 - val_loss: 4.6757 - val_acc: 0.1260
Epoch 8/10
2753/2753 [==============================] - 32s - loss: 0.1232 - acc: 0.9619 - val_loss: 2.9196 - val_acc: 0.1980
Epoch 9/10
2753/2753 [==============================] - 32s - loss: 0.1809 - acc: 0.9448 - val_loss: 5.7689 - val_acc: 0.0864
Epoch 10/10
2753/2753 [==============================] - 32s - loss: 0.0798 - acc: 0.9782 - val_loss: 3.2008 - val_acc: 0.2621
mini-batch:  9 / 25
Train on 2710 samples, validate on 1667 samples
Epoch 1/10
2710/2710 [==============================] - 29s - loss: 0.6463 - acc: 0.8351 - val_loss: 2.5611 - val_acc: 0.2975
Epoch 2/10
2710/2710 [==============================] - 31s - loss: 0.2052 - acc: 0.9369 - val_loss: 2.6841 - val_acc: 0.2531
Epoch 3/10
2710/2710 [==============================] - 32s - loss: 0.1161 - acc: 0.9690 - val_loss: 3.1386 - val_acc: 0.1572
Epoch 4/10
2710/2710 [==============================] - 31s - loss: 0.0913 - acc: 0.9775 - val_loss: 3.4271 - val_acc: 0.1926
Epoch 5/10
2710/2710 [==============================] - 31s - loss: 0.0784 - acc: 0.9760 - val_loss: 2.9617 - val_acc: 0.2226
Epoch 6/10
2710/2710 [==============================] - 31s - loss: 0.0576 - acc: 0.9834 - val_loss: 2.9442 - val_acc: 0.2196
Epoch 7/10
2710/2710 [==============================] - 31s - loss: 0.0684 - acc: 0.9786 - val_loss: 2.8420 - val_acc: 0.2220
Epoch 8/10
2710/2710 [==============================] - 31s - loss: 0.0405 - acc: 0.9889 - val_loss: 2.7603 - val_acc: 0.2292
Epoch 9/10
2710/2710 [==============================] - 31s - loss: 0.0374 - acc: 0.9908 - val_loss: 2.4944 - val_acc: 0.2346
Epoch 10/10
2710/2710 [==============================] - 31s - loss: 0.0363 - acc: 0.9900 - val_loss: 2.9214 - val_acc: 0.2232
mini-batch:  10 / 25
Train on 2563 samples, validate on 1667 samples
Epoch 1/10
2563/2563 [==============================] - 28s - loss: 0.7968 - acc: 0.7975 - val_loss: 2.5476 - val_acc: 0.2855
Epoch 2/10
2563/2563 [==============================] - 30s - loss: 0.2617 - acc: 0.9169 - val_loss: 2.5666 - val_acc: 0.1986
Epoch 3/10
2563/2563 [==============================] - 30s - loss: 0.1628 - acc: 0.9501 - val_loss: 2.9122 - val_acc: 0.1398
Epoch 4/10
2563/2563 [==============================] - 30s - loss: 0.1013 - acc: 0.9711 - val_loss: 2.7304 - val_acc: 0.1644
Epoch 5/10
2563/2563 [==============================] - 30s - loss: 0.0836 - acc: 0.9770 - val_loss: 2.8575 - val_acc: 0.1638
Epoch 6/10
2563/2563 [==============================] - 30s - loss: 0.0626 - acc: 0.9817 - val_loss: 3.5217 - val_acc: 0.1548
Epoch 7/10
2563/2563 [==============================] - 30s - loss: 0.0570 - acc: 0.9848 - val_loss: 2.9625 - val_acc: 0.1464
Epoch 8/10
2563/2563 [==============================] - 30s - loss: 0.0520 - acc: 0.9836 - val_loss: 3.1184 - val_acc: 0.1620
Epoch 9/10
2563/2563 [==============================] - 30s - loss: 0.0399 - acc: 0.9887 - val_loss: 2.7885 - val_acc: 0.1650
Epoch 10/10
2563/2563 [==============================] - 30s - loss: 0.0364 - acc: 0.9899 - val_loss: 2.9880 - val_acc: 0.1854
mini-batch:  11 / 25
Train on 2531 samples, validate on 1667 samples
Epoch 1/10
2531/2531 [==============================] - 27s - loss: 0.5569 - acc: 0.8586 - val_loss: 2.5686 - val_acc: 0.2567
Epoch 2/10
2531/2531 [==============================] - 30s - loss: 0.1681 - acc: 0.9494 - val_loss: 2.7878 - val_acc: 0.1896
Epoch 3/10
2531/2531 [==============================] - 30s - loss: 0.1067 - acc: 0.9660 - val_loss: 2.9159 - val_acc: 0.1584
Epoch 4/10
2531/2531 [==============================] - 30s - loss: 0.0704 - acc: 0.9806 - val_loss: 2.5274 - val_acc: 0.2286
Epoch 5/10
2531/2531 [==============================] - 30s - loss: 0.0565 - acc: 0.9858 - val_loss: 2.9104 - val_acc: 0.1788
Epoch 6/10
2531/2531 [==============================] - 29s - loss: 0.0594 - acc: 0.9810 - val_loss: 2.7405 - val_acc: 0.2118
Epoch 7/10
2531/2531 [==============================] - 29s - loss: 0.0519 - acc: 0.9862 - val_loss: 2.5322 - val_acc: 0.2729
Epoch 8/10
2531/2531 [==============================] - 29s - loss: 0.0436 - acc: 0.9889 - val_loss: 2.6093 - val_acc: 0.2579
Epoch 9/10
2531/2531 [==============================] - 29s - loss: 0.0394 - acc: 0.9913 - val_loss: 2.5683 - val_acc: 0.2945
Epoch 10/10
2531/2531 [==============================] - 29s - loss: 0.0340 - acc: 0.9905 - val_loss: 2.4822 - val_acc: 0.2927
mini-batch:  12 / 25
Train on 2582 samples, validate on 1667 samples
Epoch 1/10
2582/2582 [==============================] - 28s - loss: 0.7579 - acc: 0.8122 - val_loss: 2.5139 - val_acc: 0.2490
Epoch 2/10
2582/2582 [==============================] - 30s - loss: 0.2184 - acc: 0.9380 - val_loss: 2.3145 - val_acc: 0.2825
Epoch 3/10
2582/2582 [==============================] - 30s - loss: 0.1175 - acc: 0.9679 - val_loss: 2.7843 - val_acc: 0.2262
Epoch 4/10
2582/2582 [==============================] - 30s - loss: 0.0792 - acc: 0.9764 - val_loss: 3.0283 - val_acc: 0.1950
Epoch 5/10
2582/2582 [==============================] - 30s - loss: 0.0637 - acc: 0.9822 - val_loss: 2.4410 - val_acc: 0.2669
Epoch 6/10
2582/2582 [==============================] - 30s - loss: 0.0656 - acc: 0.9787 - val_loss: 2.3318 - val_acc: 0.3185
Epoch 7/10
2582/2582 [==============================] - 30s - loss: 0.0551 - acc: 0.9837 - val_loss: 2.6586 - val_acc: 0.2376
Epoch 8/10
2582/2582 [==============================] - 30s - loss: 0.0397 - acc: 0.9892 - val_loss: 2.6272 - val_acc: 0.2388
Epoch 9/10
2582/2582 [==============================] - 30s - loss: 0.0374 - acc: 0.9911 - val_loss: 4.2466 - val_acc: 0.1716
Epoch 10/10
2582/2582 [==============================] - 30s - loss: 0.0314 - acc: 0.9907 - val_loss: 2.8508 - val_acc: 0.2364
mini-batch:  13 / 25
Train on 2603 samples, validate on 1667 samples
Epoch 1/10
2603/2603 [==============================] - 28s - loss: 0.5557 - acc: 0.8563 - val_loss: 2.5887 - val_acc: 0.2639
Epoch 2/10
2603/2603 [==============================] - 30s - loss: 0.1494 - acc: 0.9551 - val_loss: 3.0012 - val_acc: 0.1722
Epoch 3/10
2603/2603 [==============================] - 30s - loss: 0.0866 - acc: 0.9750 - val_loss: 2.3202 - val_acc: 0.2639
Epoch 4/10
2603/2603 [==============================] - 30s - loss: 0.0571 - acc: 0.9831 - val_loss: 2.3809 - val_acc: 0.2382
Epoch 5/10
2603/2603 [==============================] - 30s - loss: 0.0419 - acc: 0.9892 - val_loss: 2.4088 - val_acc: 0.2208
Epoch 6/10
2603/2603 [==============================] - 30s - loss: 0.0378 - acc: 0.9896 - val_loss: 2.5054 - val_acc: 0.2591
Epoch 7/10
2603/2603 [==============================] - 30s - loss: 0.0365 - acc: 0.9919 - val_loss: 2.5851 - val_acc: 0.2016
Epoch 8/10
2603/2603 [==============================] - 30s - loss: 0.0259 - acc: 0.9935 - val_loss: 2.5717 - val_acc: 0.2250
Epoch 9/10
2603/2603 [==============================] - 30s - loss: 0.0368 - acc: 0.9908 - val_loss: 2.4792 - val_acc: 0.2340
Epoch 10/10
2603/2603 [==============================] - 30s - loss: 0.0276 - acc: 0.9919 - val_loss: 2.5754 - val_acc: 0.2256
mini-batch:  14 / 25
Train on 2479 samples, validate on 1667 samples
Epoch 1/10
2479/2479 [==============================] - 28s - loss: 0.5309 - acc: 0.8673 - val_loss: 2.4528 - val_acc: 0.2627
Epoch 2/10
2479/2479 [==============================] - 29s - loss: 0.1540 - acc: 0.9508 - val_loss: 2.5599 - val_acc: 0.2262
Epoch 3/10
2479/2479 [==============================] - 29s - loss: 0.0927 - acc: 0.9722 - val_loss: 2.9109 - val_acc: 0.1722
Epoch 4/10
2479/2479 [==============================] - 29s - loss: 0.0596 - acc: 0.9823 - val_loss: 2.4346 - val_acc: 0.2513
Epoch 5/10
2479/2479 [==============================] - 29s - loss: 0.0502 - acc: 0.9871 - val_loss: 2.4216 - val_acc: 0.2537
Epoch 6/10
2479/2479 [==============================] - 29s - loss: 0.0494 - acc: 0.9855 - val_loss: 2.5643 - val_acc: 0.2442
Epoch 7/10
2479/2479 [==============================] - 29s - loss: 0.0382 - acc: 0.9883 - val_loss: 2.4238 - val_acc: 0.2645
Epoch 8/10
2479/2479 [==============================] - 29s - loss: 0.0406 - acc: 0.9887 - val_loss: 2.4178 - val_acc: 0.2831
Epoch 9/10
2479/2479 [==============================] - 29s - loss: 0.0317 - acc: 0.9907 - val_loss: 2.6373 - val_acc: 0.2328
Epoch 10/10
2479/2479 [==============================] - 29s - loss: 0.0242 - acc: 0.9944 - val_loss: 2.4726 - val_acc: 0.2436
mini-batch:  15 / 25
Train on 2687 samples, validate on 1667 samples
Epoch 1/10
2687/2687 [==============================] - 29s - loss: 0.5360 - acc: 0.8656 - val_loss: 2.5431 - val_acc: 0.1950
Epoch 2/10
2687/2687 [==============================] - 31s - loss: 0.1650 - acc: 0.9535 - val_loss: 2.5608 - val_acc: 0.1818
Epoch 3/10
2687/2687 [==============================] - 31s - loss: 0.0893 - acc: 0.9747 - val_loss: 2.6762 - val_acc: 0.2004
Epoch 4/10
2687/2687 [==============================] - 31s - loss: 0.0702 - acc: 0.9788 - val_loss: 2.9666 - val_acc: 0.1548
Epoch 5/10
2687/2687 [==============================] - 31s - loss: 0.0573 - acc: 0.9821 - val_loss: 3.0138 - val_acc: 0.1590
Epoch 6/10
2687/2687 [==============================] - 31s - loss: 0.0438 - acc: 0.9885 - val_loss: 2.6289 - val_acc: 0.1950
Epoch 7/10
2687/2687 [==============================] - 31s - loss: 0.0393 - acc: 0.9900 - val_loss: 3.2413 - val_acc: 0.1398
Epoch 8/10
2687/2687 [==============================] - 31s - loss: 0.0320 - acc: 0.9900 - val_loss: 2.7054 - val_acc: 0.1950
Epoch 9/10
2687/2687 [==============================] - 31s - loss: 0.0259 - acc: 0.9929 - val_loss: 2.8355 - val_acc: 0.1860
Epoch 10/10
2687/2687 [==============================] - 31s - loss: 0.0249 - acc: 0.9944 - val_loss: 3.8150 - val_acc: 0.1434
mini-batch:  16 / 25
Train on 2557 samples, validate on 1667 samples
Epoch 1/10
2557/2557 [==============================] - 28s - loss: 0.5425 - acc: 0.8549 - val_loss: 2.8166 - val_acc: 0.1824
Epoch 2/10
2557/2557 [==============================] - 30s - loss: 0.1636 - acc: 0.9499 - val_loss: 2.4226 - val_acc: 0.2316
Epoch 3/10
2557/2557 [==============================] - 30s - loss: 0.0859 - acc: 0.9722 - val_loss: 3.1109 - val_acc: 0.2220
Epoch 4/10
2557/2557 [==============================] - 30s - loss: 0.0688 - acc: 0.9801 - val_loss: 2.5299 - val_acc: 0.2711
Epoch 5/10
2557/2557 [==============================] - 30s - loss: 0.0523 - acc: 0.9844 - val_loss: 2.3076 - val_acc: 0.2801
Epoch 6/10
2557/2557 [==============================] - 29s - loss: 0.0436 - acc: 0.9867 - val_loss: 2.3306 - val_acc: 0.2687
Epoch 7/10
2557/2557 [==============================] - 30s - loss: 0.0343 - acc: 0.9906 - val_loss: 2.7085 - val_acc: 0.2657
Epoch 8/10
2557/2557 [==============================] - 30s - loss: 0.0333 - acc: 0.9887 - val_loss: 2.5533 - val_acc: 0.2753
Epoch 9/10
2557/2557 [==============================] - 30s - loss: 0.0316 - acc: 0.9922 - val_loss: 2.2530 - val_acc: 0.3767
Epoch 10/10
2557/2557 [==============================] - 29s - loss: 0.0252 - acc: 0.9926 - val_loss: 2.3617 - val_acc: 0.3149
mini-batch:  17 / 25
Train on 2736 samples, validate on 1667 samples
Epoch 1/10
2736/2736 [==============================] - 29s - loss: 0.5285 - acc: 0.8596 - val_loss: 2.3016 - val_acc: 0.2825
Epoch 2/10
2736/2736 [==============================] - 32s - loss: 0.1261 - acc: 0.9667 - val_loss: 2.4476 - val_acc: 0.2687
Epoch 3/10
2736/2736 [==============================] - 32s - loss: 0.0662 - acc: 0.9821 - val_loss: 2.5616 - val_acc: 0.2525
Epoch 4/10
2736/2736 [==============================] - 32s - loss: 0.0496 - acc: 0.9850 - val_loss: 2.4362 - val_acc: 0.2496
Epoch 5/10
2736/2736 [==============================] - 31s - loss: 0.0408 - acc: 0.9876 - val_loss: 2.4392 - val_acc: 0.2484
Epoch 6/10
2736/2736 [==============================] - 31s - loss: 0.0383 - acc: 0.9887 - val_loss: 2.4605 - val_acc: 0.2903
Epoch 7/10
2736/2736 [==============================] - 31s - loss: 0.0287 - acc: 0.9916 - val_loss: 2.4700 - val_acc: 0.2735
Epoch 8/10
2736/2736 [==============================] - 31s - loss: 0.0316 - acc: 0.9916 - val_loss: 2.3387 - val_acc: 0.2747
Epoch 9/10
2736/2736 [==============================] - 31s - loss: 0.0255 - acc: 0.9927 - val_loss: 2.3432 - val_acc: 0.3029
Epoch 10/10
2736/2736 [==============================] - 31s - loss: 0.0219 - acc: 0.9949 - val_loss: 2.4189 - val_acc: 0.3077
mini-batch:  18 / 25
Train on 2660 samples, validate on 1667 samples
Epoch 1/10
2660/2660 [==============================] - 29s - loss: 0.4491 - acc: 0.8887 - val_loss: 2.2996 - val_acc: 0.3245
Epoch 2/10
2660/2660 [==============================] - 31s - loss: 0.1476 - acc: 0.9571 - val_loss: 2.4775 - val_acc: 0.2645
Epoch 3/10
2660/2660 [==============================] - 31s - loss: 0.0746 - acc: 0.9816 - val_loss: 2.3889 - val_acc: 0.2460
Epoch 4/10
2660/2660 [==============================] - 31s - loss: 0.0523 - acc: 0.9872 - val_loss: 3.1811 - val_acc: 0.1794
Epoch 5/10
2660/2660 [==============================] - 31s - loss: 0.0530 - acc: 0.9868 - val_loss: 2.7639 - val_acc: 0.2268
Epoch 6/10
2660/2660 [==============================] - 31s - loss: 0.0323 - acc: 0.9929 - val_loss: 2.7262 - val_acc: 0.2226
Epoch 7/10
2660/2660 [==============================] - 31s - loss: 0.0339 - acc: 0.9895 - val_loss: 2.5938 - val_acc: 0.2262
Epoch 8/10
2660/2660 [==============================] - 31s - loss: 0.0307 - acc: 0.9921 - val_loss: 2.5630 - val_acc: 0.2256
Epoch 9/10
2660/2660 [==============================] - 31s - loss: 0.0284 - acc: 0.9921 - val_loss: 3.4208 - val_acc: 0.1650
Epoch 10/10
2660/2660 [==============================] - 31s - loss: 0.0280 - acc: 0.9906 - val_loss: 2.9078 - val_acc: 0.2028
mini-batch:  19 / 25
Train on 2355 samples, validate on 1667 samples
Epoch 1/10
2355/2355 [==============================] - 26s - loss: 0.3999 - acc: 0.8955 - val_loss: 2.4613 - val_acc: 0.2262
Epoch 2/10
2355/2355 [==============================] - 28s - loss: 0.1271 - acc: 0.9614 - val_loss: 2.7483 - val_acc: 0.2735
Epoch 3/10
2355/2355 [==============================] - 28s - loss: 0.0784 - acc: 0.9766 - val_loss: 2.6933 - val_acc: 0.2280
Epoch 4/10
2355/2355 [==============================] - 28s - loss: 0.0525 - acc: 0.9839 - val_loss: 3.4124 - val_acc: 0.2316
Epoch 5/10
2355/2355 [==============================] - 28s - loss: 0.0411 - acc: 0.9877 - val_loss: 2.9563 - val_acc: 0.2124
Epoch 6/10
2355/2355 [==============================] - 28s - loss: 0.0391 - acc: 0.9890 - val_loss: 3.0592 - val_acc: 0.2597
Epoch 7/10
2355/2355 [==============================] - 28s - loss: 0.0313 - acc: 0.9894 - val_loss: 2.4858 - val_acc: 0.2567
Epoch 8/10
2355/2355 [==============================] - 28s - loss: 0.0259 - acc: 0.9936 - val_loss: 2.6035 - val_acc: 0.2490
Epoch 9/10
2355/2355 [==============================] - 28s - loss: 0.0225 - acc: 0.9928 - val_loss: 2.6502 - val_acc: 0.2597
Epoch 10/10
2355/2355 [==============================] - 28s - loss: 0.0244 - acc: 0.9928 - val_loss: 2.9492 - val_acc: 0.2214
mini-batch:  20 / 25
Train on 2601 samples, validate on 1667 samples
Epoch 1/10
2601/2601 [==============================] - 28s - loss: 0.3840 - acc: 0.8966 - val_loss: 2.5533 - val_acc: 0.2328
Epoch 2/10
2601/2601 [==============================] - 30s - loss: 0.1246 - acc: 0.9608 - val_loss: 2.3297 - val_acc: 0.2867
Epoch 3/10
2601/2601 [==============================] - 30s - loss: 0.0706 - acc: 0.9792 - val_loss: 2.3835 - val_acc: 0.2675
Epoch 4/10
2601/2601 [==============================] - 30s - loss: 0.0489 - acc: 0.9846 - val_loss: 2.3297 - val_acc: 0.2951
Epoch 5/10
2601/2601 [==============================] - 30s - loss: 0.0385 - acc: 0.9892 - val_loss: 2.2763 - val_acc: 0.3359
Epoch 6/10
2601/2601 [==============================] - 30s - loss: 0.0344 - acc: 0.9908 - val_loss: 2.2927 - val_acc: 0.3131
Epoch 7/10
2601/2601 [==============================] - 30s - loss: 0.0319 - acc: 0.9912 - val_loss: 2.4915 - val_acc: 0.2394
Epoch 8/10
2601/2601 [==============================] - 30s - loss: 0.0267 - acc: 0.9927 - val_loss: 2.6435 - val_acc: 0.2124
Epoch 9/10
2601/2601 [==============================] - 30s - loss: 0.0262 - acc: 0.9931 - val_loss: 2.5340 - val_acc: 0.2334
Epoch 10/10
2601/2601 [==============================] - 30s - loss: 0.0246 - acc: 0.9931 - val_loss: 2.5805 - val_acc: 0.2262
mini-batch:  21 / 25
Train on 2699 samples, validate on 1667 samples
Epoch 1/10
2699/2699 [==============================] - 29s - loss: 0.4418 - acc: 0.8859 - val_loss: 2.4821 - val_acc: 0.2262
Epoch 2/10
2699/2699 [==============================] - 31s - loss: 0.1287 - acc: 0.9615 - val_loss: 2.5687 - val_acc: 0.2561
Epoch 3/10
2699/2699 [==============================] - 31s - loss: 0.0732 - acc: 0.9793 - val_loss: 2.6113 - val_acc: 0.2627
Epoch 4/10
2699/2699 [==============================] - 31s - loss: 0.0561 - acc: 0.9859 - val_loss: 2.5740 - val_acc: 0.2573
Epoch 5/10
2699/2699 [==============================] - 31s - loss: 0.0434 - acc: 0.9878 - val_loss: 3.0425 - val_acc: 0.2286
Epoch 6/10
2699/2699 [==============================] - 31s - loss: 0.0404 - acc: 0.9878 - val_loss: 2.6542 - val_acc: 0.2448
Epoch 7/10
2699/2699 [==============================] - 31s - loss: 0.0334 - acc: 0.9907 - val_loss: 2.4960 - val_acc: 0.2897
Epoch 8/10
2699/2699 [==============================] - 31s - loss: 0.0342 - acc: 0.9911 - val_loss: 2.8232 - val_acc: 0.2663
Epoch 9/10
2699/2699 [==============================] - 31s - loss: 0.0326 - acc: 0.9907 - val_loss: 2.6803 - val_acc: 0.2735
Epoch 10/10
2699/2699 [==============================] - 31s - loss: 0.0320 - acc: 0.9918 - val_loss: 2.6787 - val_acc: 0.2873
mini-batch:  22 / 25
Train on 2901 samples, validate on 1667 samples
Epoch 1/10
2901/2901 [==============================] - 31s - loss: 0.3644 - acc: 0.9055 - val_loss: 2.4178 - val_acc: 0.2519
Epoch 2/10
2901/2901 [==============================] - 33s - loss: 0.0923 - acc: 0.9724 - val_loss: 2.3814 - val_acc: 0.2993
Epoch 3/10
2901/2901 [==============================] - 33s - loss: 0.0743 - acc: 0.9790 - val_loss: 2.3928 - val_acc: 0.2723
Epoch 4/10
2901/2901 [==============================] - 33s - loss: 0.0422 - acc: 0.9893 - val_loss: 2.4462 - val_acc: 0.2352
Epoch 5/10
2901/2901 [==============================] - 33s - loss: 0.0377 - acc: 0.9890 - val_loss: 2.3720 - val_acc: 0.2543
Epoch 6/10
2901/2901 [==============================] - 33s - loss: 0.0304 - acc: 0.9903 - val_loss: 2.1960 - val_acc: 0.3149
Epoch 7/10
2901/2901 [==============================] - 33s - loss: 0.0237 - acc: 0.9938 - val_loss: 2.1871 - val_acc: 0.3329
Epoch 8/10
2901/2901 [==============================] - 33s - loss: 0.0209 - acc: 0.9941 - val_loss: 2.2985 - val_acc: 0.2903
Epoch 9/10
2901/2901 [==============================] - 33s - loss: 0.0179 - acc: 0.9952 - val_loss: 2.2905 - val_acc: 0.2927
Epoch 10/10
2901/2901 [==============================] - 33s - loss: 0.0211 - acc: 0.9945 - val_loss: 2.2773 - val_acc: 0.2921
mini-batch:  23 / 25
Train on 2536 samples, validate on 1667 samples
Epoch 1/10
2536/2536 [==============================] - 28s - loss: 0.3868 - acc: 0.8971 - val_loss: 2.2287 - val_acc: 0.3479
Epoch 2/10
2536/2536 [==============================] - 30s - loss: 0.1104 - acc: 0.9681 - val_loss: 2.2249 - val_acc: 0.3185
Epoch 3/10
2536/2536 [==============================] - 30s - loss: 0.0676 - acc: 0.9803 - val_loss: 2.4125 - val_acc: 0.2957
Epoch 4/10
2536/2536 [==============================] - 30s - loss: 0.0449 - acc: 0.9882 - val_loss: 2.6714 - val_acc: 0.2771
Epoch 5/10
2536/2536 [==============================] - 30s - loss: 0.0349 - acc: 0.9913 - val_loss: 2.8480 - val_acc: 0.2825
Epoch 6/10
2536/2536 [==============================] - 29s - loss: 0.0312 - acc: 0.9913 - val_loss: 2.3855 - val_acc: 0.2879
Epoch 7/10
2536/2536 [==============================] - 29s - loss: 0.0258 - acc: 0.9921 - val_loss: 2.4715 - val_acc: 0.3227
Epoch 8/10
2536/2536 [==============================] - 29s - loss: 0.0240 - acc: 0.9921 - val_loss: 2.8074 - val_acc: 0.3161
Epoch 9/10
2536/2536 [==============================] - 29s - loss: 0.0198 - acc: 0.9945 - val_loss: 2.5296 - val_acc: 0.3137
Epoch 10/10
2536/2536 [==============================] - 29s - loss: 0.0222 - acc: 0.9945 - val_loss: 2.6874 - val_acc: 0.2987
mini-batch:  24 / 25
Train on 2733 samples, validate on 1667 samples
Epoch 1/10
2733/2733 [==============================] - 29s - loss: 0.3187 - acc: 0.9133 - val_loss: 3.1180 - val_acc: 0.2921
Epoch 2/10
2733/2733 [==============================] - 32s - loss: 0.1126 - acc: 0.9652 - val_loss: 2.8808 - val_acc: 0.2933
Epoch 3/10
2733/2733 [==============================] - 32s - loss: 0.0650 - acc: 0.9802 - val_loss: 2.3760 - val_acc: 0.3227
Epoch 4/10
2733/2733 [==============================] - 32s - loss: 0.0483 - acc: 0.9857 - val_loss: 2.4686 - val_acc: 0.3059
Epoch 5/10
2733/2733 [==============================] - 32s - loss: 0.0378 - acc: 0.9890 - val_loss: 2.3908 - val_acc: 0.3287
Epoch 6/10
2733/2733 [==============================] - 31s - loss: 0.0339 - acc: 0.9898 - val_loss: 2.2941 - val_acc: 0.3473
Epoch 7/10
2733/2733 [==============================] - 31s - loss: 0.0255 - acc: 0.9934 - val_loss: 2.4491 - val_acc: 0.3005
Epoch 8/10
2733/2733 [==============================] - 31s - loss: 0.0264 - acc: 0.9905 - val_loss: 2.4620 - val_acc: 0.3101
Epoch 9/10
2733/2733 [==============================] - 31s - loss: 0.0229 - acc: 0.9927 - val_loss: 2.3156 - val_acc: 0.3389
Epoch 10/10
2733/2733 [==============================] - 31s - loss: 0.0212 - acc: 0.9938 - val_loss: 2.2845 - val_acc: 0.3461
mini-batch:  25 / 25
Train on 2593 samples, validate on 1667 samples
Epoch 1/10
2593/2593 [==============================] - 28s - loss: 0.3435 - acc: 0.9094 - val_loss: 2.7358 - val_acc: 0.2609
Epoch 2/10
2593/2593 [==============================] - 30s - loss: 0.1138 - acc: 0.9641 - val_loss: 2.5896 - val_acc: 0.3137
Epoch 3/10
2593/2593 [==============================] - 30s - loss: 0.0601 - acc: 0.9857 - val_loss: 2.8133 - val_acc: 0.2843
Epoch 4/10
2593/2593 [==============================] - 30s - loss: 0.0479 - acc: 0.9857 - val_loss: 2.3717 - val_acc: 0.3059
Epoch 5/10
2593/2593 [==============================] - 30s - loss: 0.0274 - acc: 0.9931 - val_loss: 2.7915 - val_acc: 0.2951
Epoch 6/10
2593/2593 [==============================] - 30s - loss: 0.0245 - acc: 0.9927 - val_loss: 2.9086 - val_acc: 0.3077
Epoch 7/10
2593/2593 [==============================] - 30s - loss: 0.0263 - acc: 0.9934 - val_loss: 2.8767 - val_acc: 0.3173
Epoch 8/10
2593/2593 [==============================] - 30s - loss: 0.0257 - acc: 0.9907 - val_loss: 2.8480 - val_acc: 0.2771
Epoch 9/10
2593/2593 [==============================] - 30s - loss: 0.0190 - acc: 0.9946 - val_loss: 2.5469 - val_acc: 0.2915
Epoch 10/10
2593/2593 [==============================] - 30s - loss: 0.0190 - acc: 0.9938 - val_loss: 2.5700 - val_acc: 0.2987
Mon, 05 Dec 2016 19:52:53 +0000
