Allocated GPU(s) with id(s):  2
Mon, 05 Dec 2016 22:54:27 +0000
mini-batch:  1 / 40
Train on 2128 samples, validate on 1667 samples
Epoch 1/5
2128/2128 [==============================] - 25s - loss: 2.5235 - acc: 0.2368 - val_loss: 2.8606 - val_acc: 0.1032
Epoch 2/5
2128/2128 [==============================] - 23s - loss: 1.5513 - acc: 0.5423 - val_loss: 2.6626 - val_acc: 0.2304
Epoch 3/5
2128/2128 [==============================] - 25s - loss: 0.8995 - acc: 0.7256 - val_loss: 2.7545 - val_acc: 0.3245
Epoch 4/5
2128/2128 [==============================] - 25s - loss: 0.5973 - acc: 0.8200 - val_loss: 3.0624 - val_acc: 0.3641
Epoch 5/5
2128/2128 [==============================] - 25s - loss: 0.4139 - acc: 0.8745 - val_loss: 2.7819 - val_acc: 0.3821
mini-batch:  2 / 40
Train on 2153 samples, validate on 1667 samples
Epoch 1/5
2153/2153 [==============================] - 24s - loss: 1.1286 - acc: 0.6856 - val_loss: 2.5201 - val_acc: 0.3551
Epoch 2/5
2153/2153 [==============================] - 26s - loss: 0.5448 - acc: 0.8393 - val_loss: 2.3416 - val_acc: 0.4073
Epoch 3/5
2153/2153 [==============================] - 26s - loss: 0.3505 - acc: 0.8997 - val_loss: 2.6738 - val_acc: 0.3797
Epoch 4/5
2153/2153 [==============================] - 26s - loss: 0.2341 - acc: 0.9285 - val_loss: 3.0643 - val_acc: 0.3593
Epoch 5/5
2153/2153 [==============================] - 26s - loss: 0.1891 - acc: 0.9475 - val_loss: 2.7008 - val_acc: 0.4217
mini-batch:  3 / 40
Train on 2150 samples, validate on 1667 samples
Epoch 1/5
2150/2150 [==============================] - 24s - loss: 0.8979 - acc: 0.7605 - val_loss: 2.2947 - val_acc: 0.4139
Epoch 2/5
2150/2150 [==============================] - 26s - loss: 0.3535 - acc: 0.8953 - val_loss: 2.5698 - val_acc: 0.3893
Epoch 3/5
2150/2150 [==============================] - 26s - loss: 0.2394 - acc: 0.9274 - val_loss: 2.5152 - val_acc: 0.4295
Epoch 4/5
2150/2150 [==============================] - 26s - loss: 0.1514 - acc: 0.9595 - val_loss: 2.9144 - val_acc: 0.3761
Epoch 5/5
2150/2150 [==============================] - 26s - loss: 0.1546 - acc: 0.9544 - val_loss: 2.4187 - val_acc: 0.4469
mini-batch:  4 / 40
Train on 2132 samples, validate on 1667 samples
Epoch 1/5
2132/2132 [==============================] - 24s - loss: 0.8546 - acc: 0.7678 - val_loss: 2.4808 - val_acc: 0.4709
Epoch 2/5
2132/2132 [==============================] - 25s - loss: 0.2978 - acc: 0.9193 - val_loss: 2.2903 - val_acc: 0.4649
Epoch 3/5
2132/2132 [==============================] - 25s - loss: 0.1794 - acc: 0.9451 - val_loss: 2.2831 - val_acc: 0.4655
Epoch 4/5
2132/2132 [==============================] - 25s - loss: 0.1377 - acc: 0.9620 - val_loss: 2.3708 - val_acc: 0.4691
Epoch 5/5
2132/2132 [==============================] - 25s - loss: 0.0955 - acc: 0.9728 - val_loss: 2.6675 - val_acc: 0.4445
mini-batch:  5 / 40
Train on 2047 samples, validate on 1667 samples
Epoch 1/5
2047/2047 [==============================] - 23s - loss: 0.8036 - acc: 0.7826 - val_loss: 2.4409 - val_acc: 0.4457
Epoch 2/5
2047/2047 [==============================] - 25s - loss: 0.2710 - acc: 0.9189 - val_loss: 2.1668 - val_acc: 0.4919
Epoch 3/5
2047/2047 [==============================] - 25s - loss: 0.1728 - acc: 0.9507 - val_loss: 2.2625 - val_acc: 0.5165
Epoch 4/5
2047/2047 [==============================] - 25s - loss: 0.1405 - acc: 0.9575 - val_loss: 2.3211 - val_acc: 0.5009
Epoch 5/5
2047/2047 [==============================] - 25s - loss: 0.1182 - acc: 0.9658 - val_loss: 2.8807 - val_acc: 0.4037
mini-batch:  6 / 40
Train on 2189 samples, validate on 1667 samples
Epoch 1/5
2189/2189 [==============================] - 25s - loss: 0.6402 - acc: 0.8296 - val_loss: 2.0551 - val_acc: 0.4931
Epoch 2/5
2189/2189 [==============================] - 26s - loss: 0.2423 - acc: 0.9292 - val_loss: 2.2525 - val_acc: 0.4403
Epoch 3/5
2189/2189 [==============================] - 26s - loss: 0.1495 - acc: 0.9571 - val_loss: 2.2735 - val_acc: 0.4709
Epoch 4/5
2189/2189 [==============================] - 26s - loss: 0.1095 - acc: 0.9730 - val_loss: 2.4076 - val_acc: 0.4805
Epoch 5/5
2189/2189 [==============================] - 26s - loss: 0.0939 - acc: 0.9744 - val_loss: 2.3263 - val_acc: 0.4949
mini-batch:  7 / 40
Train on 2001 samples, validate on 1667 samples
Epoch 1/5
2001/2001 [==============================] - 23s - loss: 0.6025 - acc: 0.8416 - val_loss: 2.9413 - val_acc: 0.3947
Epoch 2/5
2001/2001 [==============================] - 24s - loss: 0.2472 - acc: 0.9335 - val_loss: 2.4364 - val_acc: 0.4235
Epoch 3/5
2001/2001 [==============================] - 24s - loss: 0.1538 - acc: 0.9525 - val_loss: 2.4369 - val_acc: 0.4259
Epoch 4/5
2001/2001 [==============================] - 24s - loss: 0.1062 - acc: 0.9705 - val_loss: 2.7053 - val_acc: 0.4667
Epoch 5/5
2001/2001 [==============================] - 24s - loss: 0.2529 - acc: 0.9330 - val_loss: 2.9388 - val_acc: 0.4571
mini-batch:  8 / 40
Train on 2246 samples, validate on 1667 samples
Epoch 1/5
2246/2246 [==============================] - 25s - loss: 0.5359 - acc: 0.8664 - val_loss: 2.5103 - val_acc: 0.4283
Epoch 2/5
2246/2246 [==============================] - 26s - loss: 0.1773 - acc: 0.9533 - val_loss: 2.3255 - val_acc: 0.4895
Epoch 3/5
2246/2246 [==============================] - 27s - loss: 0.1181 - acc: 0.9644 - val_loss: 2.3167 - val_acc: 0.4709
Epoch 4/5
2246/2246 [==============================] - 26s - loss: 0.0938 - acc: 0.9742 - val_loss: 2.4525 - val_acc: 0.4889
Epoch 5/5
2246/2246 [==============================] - 27s - loss: 0.0799 - acc: 0.9768 - val_loss: 2.5751 - val_acc: 0.4727
mini-batch:  9 / 40
Train on 2341 samples, validate on 1667 samples
Epoch 1/5
2341/2341 [==============================] - 26s - loss: 0.3898 - acc: 0.8919 - val_loss: 2.3172 - val_acc: 0.4445
Epoch 2/5
2341/2341 [==============================] - 27s - loss: 0.1572 - acc: 0.9509 - val_loss: 2.1688 - val_acc: 0.5051
Epoch 3/5
2341/2341 [==============================] - 27s - loss: 0.1044 - acc: 0.9714 - val_loss: 2.3552 - val_acc: 0.4907
Epoch 4/5
2341/2341 [==============================] - 27s - loss: 0.0790 - acc: 0.9786 - val_loss: 2.4493 - val_acc: 0.4727
Epoch 5/5
2341/2341 [==============================] - 27s - loss: 0.0598 - acc: 0.9821 - val_loss: 2.5009 - val_acc: 0.4631
mini-batch:  10 / 40
Train on 2034 samples, validate on 1667 samples
Epoch 1/5
2034/2034 [==============================] - 23s - loss: 0.4498 - acc: 0.8923 - val_loss: 2.8474 - val_acc: 0.4073
Epoch 2/5
2034/2034 [==============================] - 24s - loss: 0.1966 - acc: 0.9464 - val_loss: 2.5689 - val_acc: 0.4427
Epoch 3/5
2034/2034 [==============================] - 24s - loss: 0.1143 - acc: 0.9656 - val_loss: 2.4956 - val_acc: 0.4511
Epoch 4/5
2034/2034 [==============================] - 24s - loss: 0.0845 - acc: 0.9759 - val_loss: 2.9414 - val_acc: 0.4301
Epoch 5/5
2034/2034 [==============================] - 24s - loss: 0.0834 - acc: 0.9749 - val_loss: 2.7587 - val_acc: 0.4313
mini-batch:  11 / 40
Train on 2081 samples, validate on 1667 samples
Epoch 1/5
2081/2081 [==============================] - 23s - loss: 0.4128 - acc: 0.8885 - val_loss: 2.1475 - val_acc: 0.5261
Epoch 2/5
2081/2081 [==============================] - 25s - loss: 0.1733 - acc: 0.9457 - val_loss: 2.1592 - val_acc: 0.4991
Epoch 3/5
2081/2081 [==============================] - 25s - loss: 0.1619 - acc: 0.9471 - val_loss: 2.7465 - val_acc: 0.4391
Epoch 4/5
2081/2081 [==============================] - 25s - loss: 0.1124 - acc: 0.9664 - val_loss: 2.3819 - val_acc: 0.4769
Epoch 5/5
2081/2081 [==============================] - 25s - loss: 0.0803 - acc: 0.9745 - val_loss: 2.5487 - val_acc: 0.4823
mini-batch:  12 / 40
Train on 2119 samples, validate on 1667 samples
Epoch 1/5
2119/2119 [==============================] - 24s - loss: 0.3516 - acc: 0.9014 - val_loss: 2.2209 - val_acc: 0.4745
Epoch 2/5
2119/2119 [==============================] - 25s - loss: 0.1470 - acc: 0.9594 - val_loss: 2.1721 - val_acc: 0.4955
Epoch 3/5
2119/2119 [==============================] - 25s - loss: 0.1029 - acc: 0.9712 - val_loss: 2.3702 - val_acc: 0.4709
Epoch 4/5
2119/2119 [==============================] - 25s - loss: 0.0769 - acc: 0.9797 - val_loss: 2.2543 - val_acc: 0.4937
Epoch 5/5
2119/2119 [==============================] - 25s - loss: 0.0585 - acc: 0.9844 - val_loss: 2.4901 - val_acc: 0.4733
mini-batch:  13 / 40
Train on 1989 samples, validate on 1667 samples
Epoch 1/5
1989/1989 [==============================] - 22s - loss: 0.5001 - acc: 0.8627 - val_loss: 2.1177 - val_acc: 0.5327
Epoch 2/5
1989/1989 [==============================] - 24s - loss: 0.1847 - acc: 0.9507 - val_loss: 2.2745 - val_acc: 0.4961
Epoch 3/5
1989/1989 [==============================] - 24s - loss: 0.1224 - acc: 0.9658 - val_loss: 2.0911 - val_acc: 0.5081
Epoch 4/5
1989/1989 [==============================] - 24s - loss: 0.0856 - acc: 0.9759 - val_loss: 2.3755 - val_acc: 0.5075
Epoch 5/5
1989/1989 [==============================] - 24s - loss: 0.0598 - acc: 0.9824 - val_loss: 2.4347 - val_acc: 0.5195
mini-batch:  14 / 40
Train on 2150 samples, validate on 1667 samples
Epoch 1/5
2150/2150 [==============================] - 24s - loss: 0.3641 - acc: 0.9028 - val_loss: 2.7548 - val_acc: 0.4613
Epoch 2/5
2150/2150 [==============================] - 26s - loss: 0.1711 - acc: 0.9526 - val_loss: 2.5238 - val_acc: 0.5039
Epoch 3/5
2150/2150 [==============================] - 26s - loss: 0.1115 - acc: 0.9698 - val_loss: 2.9663 - val_acc: 0.4979
Epoch 4/5
2150/2150 [==============================] - 26s - loss: 0.0668 - acc: 0.9823 - val_loss: 2.5571 - val_acc: 0.5141
Epoch 5/5
2150/2150 [==============================] - 26s - loss: 0.0450 - acc: 0.9893 - val_loss: 2.5963 - val_acc: 0.5231
mini-batch:  15 / 40
Train on 2165 samples, validate on 1667 samples
Epoch 1/5
2165/2165 [==============================] - 24s - loss: 0.3509 - acc: 0.9109 - val_loss: 2.0084 - val_acc: 0.5591
Epoch 2/5
2165/2165 [==============================] - 26s - loss: 0.1160 - acc: 0.9704 - val_loss: 2.1750 - val_acc: 0.5459
Epoch 3/5
2165/2165 [==============================] - 26s - loss: 0.0828 - acc: 0.9764 - val_loss: 2.2803 - val_acc: 0.5237
Epoch 4/5
2165/2165 [==============================] - 26s - loss: 0.0656 - acc: 0.9815 - val_loss: 2.3944 - val_acc: 0.5027
Epoch 5/5
2165/2165 [==============================] - 26s - loss: 0.0550 - acc: 0.9824 - val_loss: 2.2827 - val_acc: 0.5213
mini-batch:  16 / 40
Train on 1975 samples, validate on 1667 samples
Epoch 1/5
1975/1975 [==============================] - 22s - loss: 0.2847 - acc: 0.9230 - val_loss: 2.1912 - val_acc: 0.5177
Epoch 2/5
1975/1975 [==============================] - 24s - loss: 0.1176 - acc: 0.9651 - val_loss: 2.7309 - val_acc: 0.5045
Epoch 3/5
1975/1975 [==============================] - 24s - loss: 0.0769 - acc: 0.9772 - val_loss: 2.3815 - val_acc: 0.5141
Epoch 4/5
1975/1975 [==============================] - 24s - loss: 0.0640 - acc: 0.9823 - val_loss: 2.5336 - val_acc: 0.5201
Epoch 5/5
1975/1975 [==============================] - 24s - loss: 0.0546 - acc: 0.9848 - val_loss: 2.6598 - val_acc: 0.5183
mini-batch:  17 / 40
Train on 2119 samples, validate on 1667 samples
Epoch 1/5
2119/2119 [==============================] - 23s - loss: 0.2104 - acc: 0.9377 - val_loss: 2.5065 - val_acc: 0.4961
Epoch 2/5
2119/2119 [==============================] - 25s - loss: 0.0939 - acc: 0.9703 - val_loss: 2.6215 - val_acc: 0.5105
Epoch 3/5
2119/2119 [==============================] - 25s - loss: 0.0587 - acc: 0.9816 - val_loss: 2.5178 - val_acc: 0.5255
Epoch 4/5
2119/2119 [==============================] - 25s - loss: 0.0474 - acc: 0.9863 - val_loss: 3.0867 - val_acc: 0.4727
Epoch 5/5
2119/2119 [==============================] - 25s - loss: 0.0389 - acc: 0.9863 - val_loss: 2.5075 - val_acc: 0.5153
mini-batch:  18 / 40
Train on 2227 samples, validate on 1667 samples
Epoch 1/5
2227/2227 [==============================] - 25s - loss: 0.2403 - acc: 0.9331 - val_loss: 2.4117 - val_acc: 0.4973
Epoch 2/5
2227/2227 [==============================] - 26s - loss: 0.1063 - acc: 0.9704 - val_loss: 2.5067 - val_acc: 0.4979
Epoch 3/5
2227/2227 [==============================] - 26s - loss: 0.0543 - acc: 0.9852 - val_loss: 2.5521 - val_acc: 0.5069
Epoch 4/5
2227/2227 [==============================] - 26s - loss: 0.0490 - acc: 0.9852 - val_loss: 2.5193 - val_acc: 0.5171
Epoch 5/5
2227/2227 [==============================] - 26s - loss: 0.0387 - acc: 0.9906 - val_loss: 2.7094 - val_acc: 0.5009
mini-batch:  19 / 40
Train on 1973 samples, validate on 1667 samples
Epoch 1/5
1973/1973 [==============================] - 22s - loss: 0.2751 - acc: 0.9331 - val_loss: 2.5702 - val_acc: 0.5129
Epoch 2/5
1973/1973 [==============================] - 24s - loss: 0.1117 - acc: 0.9676 - val_loss: 2.4044 - val_acc: 0.5597
Epoch 3/5
1973/1973 [==============================] - 24s - loss: 0.0842 - acc: 0.9721 - val_loss: 2.4202 - val_acc: 0.5561
Epoch 4/5
1973/1973 [==============================] - 24s - loss: 0.0551 - acc: 0.9828 - val_loss: 2.5021 - val_acc: 0.5669
Epoch 5/5
1973/1973 [==============================] - 24s - loss: 0.0427 - acc: 0.9873 - val_loss: 2.5066 - val_acc: 0.5603
mini-batch:  20 / 40
Train on 2222 samples, validate on 1667 samples
Epoch 1/5
2222/2222 [==============================] - 25s - loss: 0.2470 - acc: 0.9374 - val_loss: 2.5947 - val_acc: 0.5345
Epoch 2/5
2222/2222 [==============================] - 26s - loss: 0.0942 - acc: 0.9725 - val_loss: 2.3983 - val_acc: 0.5531
Epoch 3/5
2222/2222 [==============================] - 26s - loss: 0.0652 - acc: 0.9806 - val_loss: 2.5023 - val_acc: 0.5333
Epoch 4/5
2222/2222 [==============================] - 26s - loss: 0.0549 - acc: 0.9856 - val_loss: 2.5923 - val_acc: 0.5387
Epoch 5/5
2222/2222 [==============================] - 26s - loss: 0.0459 - acc: 0.9865 - val_loss: 2.6468 - val_acc: 0.5483
mini-batch:  21 / 40
Train on 2204 samples, validate on 1667 samples
Epoch 1/5
2204/2204 [==============================] - 25s - loss: 0.2944 - acc: 0.9265 - val_loss: 2.3012 - val_acc: 0.5207
Epoch 2/5
2204/2204 [==============================] - 26s - loss: 0.1339 - acc: 0.9592 - val_loss: 2.2812 - val_acc: 0.5465
Epoch 3/5
2204/2204 [==============================] - 26s - loss: 0.0967 - acc: 0.9714 - val_loss: 2.4472 - val_acc: 0.5267
Epoch 4/5
2204/2204 [==============================] - 26s - loss: 0.0732 - acc: 0.9782 - val_loss: 2.8727 - val_acc: 0.4775
Epoch 5/5
2204/2204 [==============================] - 26s - loss: 0.0578 - acc: 0.9837 - val_loss: 2.7969 - val_acc: 0.5105
mini-batch:  22 / 40
Train on 2185 samples, validate on 1667 samples
Epoch 1/5
2185/2185 [==============================] - 24s - loss: 0.2455 - acc: 0.9295 - val_loss: 2.4475 - val_acc: 0.5681
Epoch 2/5
2185/2185 [==============================] - 26s - loss: 0.0952 - acc: 0.9735 - val_loss: 2.3303 - val_acc: 0.5591
Epoch 3/5
2185/2185 [==============================] - 26s - loss: 0.0521 - acc: 0.9863 - val_loss: 2.3312 - val_acc: 0.5741
Epoch 4/5
2185/2185 [==============================] - 26s - loss: 0.0475 - acc: 0.9872 - val_loss: 2.3733 - val_acc: 0.5753
Epoch 5/5
2185/2185 [==============================] - 26s - loss: 0.0462 - acc: 0.9881 - val_loss: 2.2929 - val_acc: 0.5777
mini-batch:  23 / 40
Train on 2046 samples, validate on 1667 samples
Epoch 1/5
2046/2046 [==============================] - 23s - loss: 0.2107 - acc: 0.9433 - val_loss: 2.0164 - val_acc: 0.5861
Epoch 2/5
2046/2046 [==============================] - 24s - loss: 0.0842 - acc: 0.9775 - val_loss: 2.1011 - val_acc: 0.5645
Epoch 3/5
2046/2046 [==============================] - 25s - loss: 0.0563 - acc: 0.9839 - val_loss: 1.9269 - val_acc: 0.5873
Epoch 4/5
2046/2046 [==============================] - 25s - loss: 0.0457 - acc: 0.9868 - val_loss: 2.2483 - val_acc: 0.5873
Epoch 5/5
2046/2046 [==============================] - 25s - loss: 0.0374 - acc: 0.9902 - val_loss: 2.0838 - val_acc: 0.5921
mini-batch:  24 / 40
Train on 2113 samples, validate on 1667 samples
Epoch 1/5
2113/2113 [==============================] - 23s - loss: 0.1748 - acc: 0.9475 - val_loss: 2.4148 - val_acc: 0.5903
Epoch 2/5
2113/2113 [==============================] - 25s - loss: 0.1164 - acc: 0.9697 - val_loss: 2.5982 - val_acc: 0.5555
Epoch 3/5
2113/2113 [==============================] - 25s - loss: 0.0679 - acc: 0.9806 - val_loss: 2.2626 - val_acc: 0.5963
Epoch 4/5
2113/2113 [==============================] - 25s - loss: 0.0489 - acc: 0.9886 - val_loss: 2.2729 - val_acc: 0.5381
Epoch 5/5
2113/2113 [==============================] - 25s - loss: 0.0434 - acc: 0.9877 - val_loss: 2.4210 - val_acc: 0.5675
mini-batch:  25 / 40
Train on 1978 samples, validate on 1667 samples
Epoch 1/5
1978/1978 [==============================] - 23s - loss: 0.4287 - acc: 0.8994 - val_loss: 2.4889 - val_acc: 0.5285
Epoch 2/5
1978/1978 [==============================] - 24s - loss: 0.1192 - acc: 0.9606 - val_loss: 2.4704 - val_acc: 0.5165
Epoch 3/5
1978/1978 [==============================] - 24s - loss: 0.0926 - acc: 0.9722 - val_loss: 2.2596 - val_acc: 0.5135
Epoch 4/5
1978/1978 [==============================] - 24s - loss: 0.0587 - acc: 0.9848 - val_loss: 2.0656 - val_acc: 0.5783
Epoch 5/5
1978/1978 [==============================] - 24s - loss: 0.0541 - acc: 0.9858 - val_loss: 2.4980 - val_acc: 0.5363
mini-batch:  26 / 40
Train on 2143 samples, validate on 1667 samples
Epoch 1/5
2143/2143 [==============================] - 24s - loss: 0.2547 - acc: 0.9281 - val_loss: 2.4531 - val_acc: 0.5435
Epoch 2/5
2143/2143 [==============================] - 25s - loss: 0.0845 - acc: 0.9757 - val_loss: 2.1982 - val_acc: 0.5633
Epoch 3/5
2143/2143 [==============================] - 26s - loss: 0.0702 - acc: 0.9813 - val_loss: 2.2489 - val_acc: 0.5573
Epoch 4/5
2143/2143 [==============================] - 25s - loss: 0.0481 - acc: 0.9860 - val_loss: 2.2323 - val_acc: 0.5699
Epoch 5/5
2143/2143 [==============================] - 26s - loss: 0.0372 - acc: 0.9902 - val_loss: 2.2804 - val_acc: 0.5789
mini-batch:  27 / 40
Train on 2235 samples, validate on 1667 samples
Epoch 1/5
2235/2235 [==============================] - 25s - loss: 0.2557 - acc: 0.9329 - val_loss: 2.2812 - val_acc: 0.5579
Epoch 2/5
2235/2235 [==============================] - 26s - loss: 0.1122 - acc: 0.9669 - val_loss: 2.0902 - val_acc: 0.5879
Epoch 3/5
2235/2235 [==============================] - 26s - loss: 0.0810 - acc: 0.9763 - val_loss: 2.0086 - val_acc: 0.5981
Epoch 4/5
2235/2235 [==============================] - 26s - loss: 0.0717 - acc: 0.9781 - val_loss: 2.1849 - val_acc: 0.5687
Epoch 5/5
2235/2235 [==============================] - 26s - loss: 0.0569 - acc: 0.9857 - val_loss: 2.1014 - val_acc: 0.5873
mini-batch:  28 / 40
Train on 2226 samples, validate on 1667 samples
Epoch 1/5
2226/2226 [==============================] - 24s - loss: 0.2477 - acc: 0.9398 - val_loss: 2.2552 - val_acc: 0.5747
Epoch 2/5
2226/2226 [==============================] - 26s - loss: 0.1033 - acc: 0.9726 - val_loss: 2.5127 - val_acc: 0.5591
Epoch 3/5
2226/2226 [==============================] - 26s - loss: 0.0661 - acc: 0.9811 - val_loss: 2.4704 - val_acc: 0.5717
Epoch 4/5
2226/2226 [==============================] - 26s - loss: 0.0474 - acc: 0.9874 - val_loss: 2.6130 - val_acc: 0.5429
Epoch 5/5
2226/2226 [==============================] - 26s - loss: 0.0326 - acc: 0.9924 - val_loss: 2.7484 - val_acc: 0.5351
mini-batch:  29 / 40
Train on 2018 samples, validate on 1667 samples
Epoch 1/5
2018/2018 [==============================] - 22s - loss: 0.2441 - acc: 0.9390 - val_loss: 2.6907 - val_acc: 0.5027
Epoch 2/5
2018/2018 [==============================] - 24s - loss: 0.0837 - acc: 0.9752 - val_loss: 2.8544 - val_acc: 0.4931
Epoch 3/5
2018/2018 [==============================] - 24s - loss: 0.1650 - acc: 0.9569 - val_loss: 2.9715 - val_acc: 0.4895
Epoch 4/5
2018/2018 [==============================] - 24s - loss: 0.0755 - acc: 0.9772 - val_loss: 2.5735 - val_acc: 0.5195
Epoch 5/5
2018/2018 [==============================] - 24s - loss: 0.0664 - acc: 0.9827 - val_loss: 2.6640 - val_acc: 0.5027
mini-batch:  30 / 40
Train on 2184 samples, validate on 1667 samples
Epoch 1/5
2184/2184 [==============================] - 26s - loss: 0.4130 - acc: 0.8984 - val_loss: 2.3323 - val_acc: 0.5603
Epoch 2/5
2184/2184 [==============================] - 26s - loss: 0.1882 - acc: 0.9409 - val_loss: 2.3393 - val_acc: 0.5723
Epoch 3/5
2184/2184 [==============================] - 26s - loss: 0.1382 - acc: 0.9597 - val_loss: 2.4292 - val_acc: 0.5597
Epoch 4/5
2184/2184 [==============================] - 26s - loss: 0.1166 - acc: 0.9611 - val_loss: 2.4516 - val_acc: 0.5549
Epoch 5/5
2184/2184 [==============================] - 26s - loss: 0.1062 - acc: 0.9675 - val_loss: 2.4404 - val_acc: 0.5567
mini-batch:  31 / 40
Train on 2205 samples, validate on 1667 samples
Epoch 1/5
2205/2205 [==============================] - 25s - loss: 0.2955 - acc: 0.9152 - val_loss: 2.3944 - val_acc: 0.5603
Epoch 2/5
2205/2205 [==============================] - 26s - loss: 0.1806 - acc: 0.9442 - val_loss: 2.4493 - val_acc: 0.5573
Epoch 3/5
2205/2205 [==============================] - 26s - loss: 0.1347 - acc: 0.9587 - val_loss: 2.4201 - val_acc: 0.5585
Epoch 4/5
2205/2205 [==============================] - 26s - loss: 0.1182 - acc: 0.9628 - val_loss: 2.4161 - val_acc: 0.5513
Epoch 5/5
2205/2205 [==============================] - 26s - loss: 0.0969 - acc: 0.9692 - val_loss: 2.4591 - val_acc: 0.5513
mini-batch:  32 / 40
Train on 1980 samples, validate on 1667 samples
Epoch 1/5
1980/1980 [==============================] - 23s - loss: 0.2970 - acc: 0.9141 - val_loss: 2.4017 - val_acc: 0.5657
Epoch 2/5
1980/1980 [==============================] - 24s - loss: 0.1838 - acc: 0.9444 - val_loss: 2.4187 - val_acc: 0.5645
Epoch 3/5
1980/1980 [==============================] - 24s - loss: 0.1491 - acc: 0.9561 - val_loss: 2.4545 - val_acc: 0.5603
Epoch 4/5
1980/1980 [==============================] - 24s - loss: 0.1296 - acc: 0.9601 - val_loss: 2.4481 - val_acc: 0.5609
Epoch 5/5
1980/1980 [==============================] - 24s - loss: 0.1192 - acc: 0.9626 - val_loss: 2.4960 - val_acc: 0.5483
mini-batch:  33 / 40
Train on 2064 samples, validate on 1667 samples
Epoch 1/5
2064/2064 [==============================] - 23s - loss: 0.2068 - acc: 0.9404 - val_loss: 2.2527 - val_acc: 0.5849
Epoch 2/5
2064/2064 [==============================] - 25s - loss: 0.1355 - acc: 0.9578 - val_loss: 2.1879 - val_acc: 0.6023
Epoch 3/5
2064/2064 [==============================] - 25s - loss: 0.1044 - acc: 0.9671 - val_loss: 2.2142 - val_acc: 0.5969
Epoch 4/5
2064/2064 [==============================] - 25s - loss: 0.0954 - acc: 0.9743 - val_loss: 2.2867 - val_acc: 0.5801
Epoch 5/5
2064/2064 [==============================] - 25s - loss: 0.0843 - acc: 0.9772 - val_loss: 2.2433 - val_acc: 0.5885
mini-batch:  34 / 40
Train on 2045 samples, validate on 1667 samples
Epoch 1/5
2045/2045 [==============================] - 23s - loss: 0.1645 - acc: 0.9506 - val_loss: 2.3023 - val_acc: 0.5705
Epoch 2/5
2045/2045 [==============================] - 25s - loss: 0.1417 - acc: 0.9560 - val_loss: 2.2942 - val_acc: 0.5687
Epoch 3/5
2045/2045 [==============================] - 25s - loss: 0.1186 - acc: 0.9663 - val_loss: 2.2683 - val_acc: 0.5621
Epoch 4/5
2045/2045 [==============================] - 24s - loss: 0.1027 - acc: 0.9692 - val_loss: 2.3069 - val_acc: 0.5657
Epoch 5/5
2045/2045 [==============================] - 25s - loss: 0.0903 - acc: 0.9765 - val_loss: 2.2999 - val_acc: 0.5633
mini-batch:  35 / 40
Train on 2102 samples, validate on 1667 samples
Epoch 1/5
2102/2102 [==============================] - 24s - loss: 0.2611 - acc: 0.9267 - val_loss: 2.1151 - val_acc: 0.5867
Epoch 2/5
2102/2102 [==============================] - 25s - loss: 0.1648 - acc: 0.9524 - val_loss: 2.1448 - val_acc: 0.5753
Epoch 3/5
2102/2102 [==============================] - 25s - loss: 0.1437 - acc: 0.9548 - val_loss: 2.1857 - val_acc: 0.5807
Epoch 4/5
2102/2102 [==============================] - 25s - loss: 0.1111 - acc: 0.9681 - val_loss: 2.1882 - val_acc: 0.5735
Epoch 5/5
2102/2102 [==============================] - 25s - loss: 0.0969 - acc: 0.9748 - val_loss: 2.1793 - val_acc: 0.5807
mini-batch:  36 / 40
Train on 1962 samples, validate on 1667 samples
Epoch 1/5
1962/1962 [==============================] - 23s - loss: 0.1938 - acc: 0.9414 - val_loss: 2.1498 - val_acc: 0.5789
Epoch 2/5
1962/1962 [==============================] - 24s - loss: 0.1250 - acc: 0.9587 - val_loss: 2.1592 - val_acc: 0.5831
Epoch 3/5
1962/1962 [==============================] - 24s - loss: 0.1126 - acc: 0.9643 - val_loss: 2.1985 - val_acc: 0.5729
Epoch 4/5
1962/1962 [==============================] - 24s - loss: 0.0825 - acc: 0.9725 - val_loss: 2.2084 - val_acc: 0.5771
Epoch 5/5
1962/1962 [==============================] - 24s - loss: 0.0898 - acc: 0.9735 - val_loss: 2.2021 - val_acc: 0.5759
mini-batch:  37 / 40
Train on 2038 samples, validate on 1667 samples
Epoch 1/5
2038/2038 [==============================] - 23s - loss: 0.1844 - acc: 0.9421 - val_loss: 2.2200 - val_acc: 0.5711
Epoch 2/5
2038/2038 [==============================] - 24s - loss: 0.1217 - acc: 0.9598 - val_loss: 2.2881 - val_acc: 0.5717
Epoch 3/5
2038/2038 [==============================] - 24s - loss: 0.1121 - acc: 0.9661 - val_loss: 2.2918 - val_acc: 0.5723
Epoch 4/5
2038/2038 [==============================] - 25s - loss: 0.0843 - acc: 0.9755 - val_loss: 2.3421 - val_acc: 0.5687
Epoch 5/5
2038/2038 [==============================] - 24s - loss: 0.0883 - acc: 0.9769 - val_loss: 2.3764 - val_acc: 0.5699
mini-batch:  38 / 40
Train on 1956 samples, validate on 1667 samples
Epoch 1/5
1956/1956 [==============================] - 22s - loss: 0.2350 - acc: 0.9315 - val_loss: 2.0646 - val_acc: 0.6065
Epoch 2/5
1956/1956 [==============================] - 24s - loss: 0.1606 - acc: 0.9519 - val_loss: 2.1607 - val_acc: 0.5771
Epoch 3/5
1956/1956 [==============================] - 24s - loss: 0.1267 - acc: 0.9606 - val_loss: 2.1044 - val_acc: 0.5939
Epoch 4/5
1956/1956 [==============================] - 24s - loss: 0.1224 - acc: 0.9657 - val_loss: 2.1430 - val_acc: 0.5885
Epoch 5/5
1956/1956 [==============================] - 24s - loss: 0.1056 - acc: 0.9688 - val_loss: 2.1156 - val_acc: 0.5927
mini-batch:  39 / 40
Train on 2078 samples, validate on 1667 samples
Epoch 1/5
2078/2078 [==============================] - 24s - loss: 0.1956 - acc: 0.9379 - val_loss: 2.1041 - val_acc: 0.5861
Epoch 2/5
2078/2078 [==============================] - 25s - loss: 0.1258 - acc: 0.9629 - val_loss: 2.1781 - val_acc: 0.5681
Epoch 3/5
2078/2078 [==============================] - 25s - loss: 0.1076 - acc: 0.9678 - val_loss: 2.1301 - val_acc: 0.5699
Epoch 4/5
2078/2078 [==============================] - 25s - loss: 0.0990 - acc: 0.9740 - val_loss: 2.1672 - val_acc: 0.5603
Epoch 5/5
2078/2078 [==============================] - 25s - loss: 0.0858 - acc: 0.9745 - val_loss: 2.2480 - val_acc: 0.5567
mini-batch:  40 / 40
Train on 2247 samples, validate on 1667 samples
Epoch 1/5
2247/2247 [==============================] - 25s - loss: 0.2144 - acc: 0.9368 - val_loss: 2.3795 - val_acc: 0.5555
Epoch 2/5
2247/2247 [==============================] - 26s - loss: 0.1515 - acc: 0.9559 - val_loss: 2.3133 - val_acc: 0.5777
Epoch 3/5
2247/2247 [==============================] - 27s - loss: 0.1227 - acc: 0.9640 - val_loss: 2.3329 - val_acc: 0.5687
Epoch 4/5
2247/2247 [==============================] - 27s - loss: 0.0925 - acc: 0.9746 - val_loss: 2.3250 - val_acc: 0.5747
Epoch 5/5
2247/2247 [==============================] - 26s - loss: 0.0912 - acc: 0.9733 - val_loss: 2.3048 - val_acc: 0.5795
Tue, 06 Dec 2016 00:31:46 +0000
The weights have been saved in: ./weights/2016_12_05_22:54:26_cuberun.h5

