Train on 3149 samples, validate on 1667 samples
Epoch 1/200
3149/3149 [==============================] - 33s - loss: 2.8688 - acc: 0.1750 - val_loss: 2.9021 - val_acc: 0.0558
Epoch 2/200
3149/3149 [==============================] - 31s - loss: 2.4498 - acc: 0.2769 - val_loss: 3.1791 - val_acc: 0.0858
Epoch 3/200
3149/3149 [==============================] - 33s - loss: 2.0515 - acc: 0.3731 - val_loss: 3.0933 - val_acc: 0.1050
Epoch 4/200
3149/3149 [==============================] - 33s - loss: 1.7721 - acc: 0.4630 - val_loss: 3.6802 - val_acc: 0.1116
Epoch 5/200
3149/3149 [==============================] - 33s - loss: 1.5565 - acc: 0.5252 - val_loss: 5.1116 - val_acc: 0.0924
Epoch 6/200
3149/3149 [==============================] - 34s - loss: 1.3501 - acc: 0.5948 - val_loss: 3.4750 - val_acc: 0.0972
Epoch 7/200
3149/3149 [==============================] - 34s - loss: 1.2074 - acc: 0.6281 - val_loss: 4.4796 - val_acc: 0.1488
Epoch 8/200
3149/3149 [==============================] - 34s - loss: 1.0363 - acc: 0.6818 - val_loss: 5.3286 - val_acc: 0.1296
Epoch 9/200
3149/3149 [==============================] - 34s - loss: 0.9135 - acc: 0.7107 - val_loss: 5.6342 - val_acc: 0.1302
Epoch 10/200
3149/3149 [==============================] - 34s - loss: 0.8023 - acc: 0.7501 - val_loss: 4.3930 - val_acc: 0.1602
Epoch 11/200
3149/3149 [==============================] - 34s - loss: 0.6817 - acc: 0.7860 - val_loss: 5.8457 - val_acc: 0.1458
Epoch 12/200
3149/3149 [==============================] - 34s - loss: 0.6661 - acc: 0.7888 - val_loss: 6.9616 - val_acc: 0.1452
Epoch 13/200
3149/3149 [==============================] - 34s - loss: 0.5563 - acc: 0.8231 - val_loss: 5.3749 - val_acc: 0.1662
Epoch 14/200
3149/3149 [==============================] - 34s - loss: 0.5172 - acc: 0.8279 - val_loss: 5.2956 - val_acc: 0.2010
Epoch 15/200
3149/3149 [==============================] - 34s - loss: 0.4685 - acc: 0.8479 - val_loss: 5.1919 - val_acc: 0.1854
Epoch 16/200
3149/3149 [==============================] - 34s - loss: 0.4022 - acc: 0.8758 - val_loss: 5.6519 - val_acc: 0.1686
Epoch 17/200
3149/3149 [==============================] - 34s - loss: 0.3624 - acc: 0.8850 - val_loss: 4.5305 - val_acc: 0.2148
Epoch 18/200
3149/3149 [==============================] - 34s - loss: 0.3287 - acc: 0.8993 - val_loss: 6.2915 - val_acc: 0.1944
Epoch 19/200
3149/3149 [==============================] - 34s - loss: 0.3365 - acc: 0.8946 - val_loss: 6.2724 - val_acc: 0.1818
Epoch 20/200
3149/3149 [==============================] - 34s - loss: 0.2726 - acc: 0.9133 - val_loss: 7.7157 - val_acc: 0.1722
Epoch 21/200
3149/3149 [==============================] - 34s - loss: 0.2808 - acc: 0.9108 - val_loss: 7.1712 - val_acc: 0.1878
Epoch 22/200
3149/3149 [==============================] - 34s - loss: 0.2550 - acc: 0.9193 - val_loss: 7.6688 - val_acc: 0.1518
Epoch 23/200
3149/3149 [==============================] - 34s - loss: 0.2236 - acc: 0.9270 - val_loss: 5.8786 - val_acc: 0.2382
Epoch 24/200
3149/3149 [==============================] - 34s - loss: 0.2008 - acc: 0.9355 - val_loss: 8.0190 - val_acc: 0.1842
Epoch 25/200
3149/3149 [==============================] - 34s - loss: 0.1818 - acc: 0.9447 - val_loss: 7.5037 - val_acc: 0.1734
Epoch 26/200
3149/3149 [==============================] - 34s - loss: 0.1819 - acc: 0.9416 - val_loss: 8.3164 - val_acc: 0.1524
Epoch 27/200
3149/3149 [==============================] - 34s - loss: 0.1970 - acc: 0.9378 - val_loss: 6.0774 - val_acc: 0.2010
Epoch 28/200
3149/3149 [==============================] - 34s - loss: 0.1963 - acc: 0.9403 - val_loss: 8.3824 - val_acc: 0.1260
Epoch 29/200
3149/3149 [==============================] - 34s - loss: 0.1517 - acc: 0.9552 - val_loss: 8.0278 - val_acc: 0.1680
Epoch 30/200
3149/3149 [==============================] - 34s - loss: 0.1351 - acc: 0.9584 - val_loss: 6.2633 - val_acc: 0.1716
Epoch 31/200
3149/3149 [==============================] - 34s - loss: 0.1450 - acc: 0.9559 - val_loss: 7.3505 - val_acc: 0.1806
Epoch 32/200
3149/3149 [==============================] - 34s - loss: 0.1299 - acc: 0.9606 - val_loss: 6.8245 - val_acc: 0.2226
Epoch 33/200
3149/3149 [==============================] - 34s - loss: 0.1274 - acc: 0.9597 - val_loss: 8.7148 - val_acc: 0.1422
Epoch 34/200
3149/3149 [==============================] - 34s - loss: 0.1243 - acc: 0.9600 - val_loss: 7.6569 - val_acc: 0.1818
Epoch 35/200
3149/3149 [==============================] - 34s - loss: 0.1078 - acc: 0.9667 - val_loss: 7.7654 - val_acc: 0.1800
Epoch 36/200
3149/3149 [==============================] - 34s - loss: 0.1042 - acc: 0.9673 - val_loss: 8.3629 - val_acc: 0.1836
Epoch 37/200
3149/3149 [==============================] - 34s - loss: 0.1109 - acc: 0.9667 - val_loss: 8.2814 - val_acc: 0.1800
Epoch 38/200
3149/3149 [==============================] - 34s - loss: 0.1116 - acc: 0.9654 - val_loss: 8.2006 - val_acc: 0.1830
Epoch 39/200
3149/3149 [==============================] - 34s - loss: 0.0981 - acc: 0.9711 - val_loss: 7.7554 - val_acc: 0.2100
Epoch 40/200
3149/3149 [==============================] - 34s - loss: 0.0943 - acc: 0.9714 - val_loss: 7.9053 - val_acc: 0.2040
Epoch 41/200
3149/3149 [==============================] - 34s - loss: 0.0820 - acc: 0.9762 - val_loss: 8.2971 - val_acc: 0.1950
Epoch 42/200
3149/3149 [==============================] - 34s - loss: 0.0830 - acc: 0.9759 - val_loss: 7.6130 - val_acc: 0.1950
Epoch 43/200
3149/3149 [==============================] - 34s - loss: 0.0792 - acc: 0.9762 - val_loss: 8.6665 - val_acc: 0.1650
Epoch 44/200
3149/3149 [==============================] - 34s - loss: 0.0804 - acc: 0.9752 - val_loss: 9.1369 - val_acc: 0.1644
Epoch 45/200
3149/3149 [==============================] - 34s - loss: 0.0879 - acc: 0.9705 - val_loss: 8.4946 - val_acc: 0.1614
Epoch 46/200
3149/3149 [==============================] - 34s - loss: 0.0812 - acc: 0.9762 - val_loss: 9.2117 - val_acc: 0.1482
Epoch 47/200
3149/3149 [==============================] - 34s - loss: 0.0758 - acc: 0.9765 - val_loss: 7.2192 - val_acc: 0.1920
Epoch 48/200
3149/3149 [==============================] - 34s - loss: 0.0696 - acc: 0.9803 - val_loss: 7.9214 - val_acc: 0.1854
Epoch 49/200
3149/3149 [==============================] - 34s - loss: 0.0801 - acc: 0.9771 - val_loss: 7.7167 - val_acc: 0.1818
Epoch 50/200
3149/3149 [==============================] - 34s - loss: 0.0638 - acc: 0.9829 - val_loss: 9.1556 - val_acc: 0.1656
Epoch 51/200
3149/3149 [==============================] - 34s - loss: 0.0661 - acc: 0.9813 - val_loss: 8.7082 - val_acc: 0.1806
Epoch 52/200
3149/3149 [==============================] - 34s - loss: 0.0683 - acc: 0.9790 - val_loss: 7.1063 - val_acc: 0.1974
Epoch 53/200
3149/3149 [==============================] - 34s - loss: 0.0653 - acc: 0.9794 - val_loss: 8.3332 - val_acc: 0.1974
Epoch 54/200
3149/3149 [==============================] - 34s - loss: 0.0558 - acc: 0.9841 - val_loss: 7.4335 - val_acc: 0.1998
Epoch 55/200
3149/3149 [==============================] - 34s - loss: 0.0727 - acc: 0.9778 - val_loss: 8.6145 - val_acc: 0.1980
Epoch 56/200
3149/3149 [==============================] - 34s - loss: 0.0683 - acc: 0.9806 - val_loss: 8.3048 - val_acc: 0.1860
Epoch 57/200
3149/3149 [==============================] - 34s - loss: 0.0587 - acc: 0.9822 - val_loss: 8.4120 - val_acc: 0.1866
Epoch 58/200
3149/3149 [==============================] - 34s - loss: 0.0741 - acc: 0.9759 - val_loss: 6.7152 - val_acc: 0.2022
Epoch 59/200
3149/3149 [==============================] - 34s - loss: 0.0619 - acc: 0.9816 - val_loss: 7.6708 - val_acc: 0.2046
Epoch 60/200
3149/3149 [==============================] - 34s - loss: 0.0586 - acc: 0.9819 - val_loss: 6.7260 - val_acc: 0.2184
Epoch 61/200
3149/3149 [==============================] - 34s - loss: 0.0578 - acc: 0.9825 - val_loss: 8.3185 - val_acc: 0.1854
Epoch 62/200
3149/3149 [==============================] - 34s - loss: 0.0469 - acc: 0.9870 - val_loss: 7.4230 - val_acc: 0.2220
Epoch 63/200
3149/3149 [==============================] - 34s - loss: 0.0510 - acc: 0.9851 - val_loss: 6.9576 - val_acc: 0.2262
Epoch 64/200
3149/3149 [==============================] - 34s - loss: 0.0430 - acc: 0.9886 - val_loss: 7.5089 - val_acc: 0.2202
Epoch 65/200
3149/3149 [==============================] - 34s - loss: 0.0432 - acc: 0.9876 - val_loss: 8.9610 - val_acc: 0.2130
Epoch 66/200
3149/3149 [==============================] - 34s - loss: 0.0429 - acc: 0.9883 - val_loss: 8.3610 - val_acc: 0.2196
Epoch 67/200
3149/3149 [==============================] - 34s - loss: 0.0446 - acc: 0.9870 - val_loss: 8.4516 - val_acc: 0.1920
Epoch 68/200
3149/3149 [==============================] - 34s - loss: 0.0409 - acc: 0.9879 - val_loss: 6.8479 - val_acc: 0.2573
Epoch 69/200
3149/3149 [==============================] - 34s - loss: 0.0464 - acc: 0.9876 - val_loss: 7.0163 - val_acc: 0.2334
Epoch 70/200
3149/3149 [==============================] - 34s - loss: 0.0458 - acc: 0.9854 - val_loss: 7.6021 - val_acc: 0.2124
Epoch 71/200
3149/3149 [==============================] - 34s - loss: 0.0395 - acc: 0.9886 - val_loss: 7.8122 - val_acc: 0.2142
Epoch 72/200
3149/3149 [==============================] - 34s - loss: 0.0442 - acc: 0.9873 - val_loss: 7.0326 - val_acc: 0.2406
Epoch 73/200
3149/3149 [==============================] - 34s - loss: 0.0433 - acc: 0.9870 - val_loss: 8.5151 - val_acc: 0.1686
Epoch 74/200
3149/3149 [==============================] - 34s - loss: 0.0408 - acc: 0.9876 - val_loss: 7.5011 - val_acc: 0.2106
Epoch 75/200
3149/3149 [==============================] - 34s - loss: 0.0441 - acc: 0.9886 - val_loss: 7.2218 - val_acc: 0.2124
Epoch 76/200
3149/3149 [==============================] - 34s - loss: 0.0423 - acc: 0.9879 - val_loss: 7.5642 - val_acc: 0.2112
Epoch 77/200
3149/3149 [==============================] - 34s - loss: 0.0417 - acc: 0.9883 - val_loss: 7.6064 - val_acc: 0.2124
Epoch 78/200
3149/3149 [==============================] - 34s - loss: 0.0413 - acc: 0.9876 - val_loss: 8.6234 - val_acc: 0.1908
Epoch 79/200
3149/3149 [==============================] - 34s - loss: 0.0424 - acc: 0.9879 - val_loss: 8.2092 - val_acc: 0.1974
Epoch 80/200
3149/3149 [==============================] - 34s - loss: 0.0450 - acc: 0.9857 - val_loss: 9.0386 - val_acc: 0.1848
Epoch 81/200
3149/3149 [==============================] - 34s - loss: 0.0590 - acc: 0.9832 - val_loss: 9.4932 - val_acc: 0.1488
Epoch 82/200
3149/3149 [==============================] - 34s - loss: 0.0455 - acc: 0.9867 - val_loss: 8.2798 - val_acc: 0.2010
Epoch 83/200
3149/3149 [==============================] - 34s - loss: 0.0363 - acc: 0.9898 - val_loss: 8.4667 - val_acc: 0.1968
Epoch 84/200
3149/3149 [==============================] - 34s - loss: 0.0337 - acc: 0.9902 - val_loss: 8.0980 - val_acc: 0.2130
Epoch 85/200
3149/3149 [==============================] - 34s - loss: 0.0433 - acc: 0.9867 - val_loss: 7.8371 - val_acc: 0.2058
Epoch 86/200
3149/3149 [==============================] - 34s - loss: 0.0388 - acc: 0.9886 - val_loss: 8.6329 - val_acc: 0.1962
Epoch 87/200
3149/3149 [==============================] - 34s - loss: 0.0388 - acc: 0.9886 - val_loss: 8.9934 - val_acc: 0.1794
Epoch 88/200
3149/3149 [==============================] - 34s - loss: 0.0373 - acc: 0.9889 - val_loss: 7.8628 - val_acc: 0.2130
Epoch 89/200
3149/3149 [==============================] - 34s - loss: 0.0354 - acc: 0.9902 - val_loss: 8.0415 - val_acc: 0.2178
Epoch 90/200
3149/3149 [==============================] - 34s - loss: 0.0448 - acc: 0.9870 - val_loss: 8.2064 - val_acc: 0.2034
Epoch 91/200
3149/3149 [==============================] - 34s - loss: 0.0477 - acc: 0.9848 - val_loss: 6.6496 - val_acc: 0.2340
Epoch 92/200
3149/3149 [==============================] - 34s - loss: 0.0416 - acc: 0.9863 - val_loss: 6.5096 - val_acc: 0.2519
Epoch 93/200
3149/3149 [==============================] - 34s - loss: 0.0370 - acc: 0.9895 - val_loss: 9.0782 - val_acc: 0.1920
Epoch 94/200
3149/3149 [==============================] - 34s - loss: 0.0376 - acc: 0.9902 - val_loss: 8.2701 - val_acc: 0.1938
Epoch 95/200
3149/3149 [==============================] - 34s - loss: 0.0331 - acc: 0.9905 - val_loss: 8.3864 - val_acc: 0.1938
Epoch 96/200
3149/3149 [==============================] - 34s - loss: 0.0305 - acc: 0.9905 - val_loss: 8.7144 - val_acc: 0.1848
Epoch 97/200
3149/3149 [==============================] - 34s - loss: 0.0328 - acc: 0.9898 - val_loss: 9.1097 - val_acc: 0.1764
Epoch 98/200
3149/3149 [==============================] - 34s - loss: 0.0289 - acc: 0.9924 - val_loss: 8.9566 - val_acc: 0.1824
Epoch 99/200
3149/3149 [==============================] - 34s - loss: 0.0338 - acc: 0.9898 - val_loss: 8.5152 - val_acc: 0.1932
Epoch 100/200
3149/3149 [==============================] - 34s - loss: 0.0360 - acc: 0.9889 - val_loss: 8.5240 - val_acc: 0.1842
Epoch 101/200
3149/3149 [==============================] - 34s - loss: 0.0331 - acc: 0.9914 - val_loss: 8.7516 - val_acc: 0.1824
Epoch 102/200
3149/3149 [==============================] - 34s - loss: 0.0284 - acc: 0.9930 - val_loss: 8.8321 - val_acc: 0.1812
Epoch 103/200
3149/3149 [==============================] - 34s - loss: 0.0286 - acc: 0.9914 - val_loss: 8.6768 - val_acc: 0.1818
Epoch 104/200
3149/3149 [==============================] - 34s - loss: 0.0268 - acc: 0.9924 - val_loss: 8.9273 - val_acc: 0.1758
Epoch 105/200
3149/3149 [==============================] - 34s - loss: 0.0260 - acc: 0.9924 - val_loss: 9.5412 - val_acc: 0.1656
Epoch 106/200
3149/3149 [==============================] - 34s - loss: 0.0244 - acc: 0.9933 - val_loss: 9.0698 - val_acc: 0.1776
Epoch 107/200
3149/3149 [==============================] - 34s - loss: 0.0275 - acc: 0.9927 - val_loss: 8.5164 - val_acc: 0.1836
Epoch 108/200
3149/3149 [==============================] - 34s - loss: 0.0267 - acc: 0.9911 - val_loss: 8.1493 - val_acc: 0.1986
Epoch 109/200
3149/3149 [==============================] - 34s - loss: 0.0368 - acc: 0.9902 - val_loss: 8.4212 - val_acc: 0.2016
Epoch 110/200
3149/3149 [==============================] - 34s - loss: 0.0329 - acc: 0.9889 - val_loss: 7.3692 - val_acc: 0.2220
Epoch 111/200
3149/3149 [==============================] - 34s - loss: 0.0299 - acc: 0.9924 - val_loss: 8.0233 - val_acc: 0.2088
Epoch 112/200
3149/3149 [==============================] - 34s - loss: 0.0311 - acc: 0.9898 - val_loss: 8.0599 - val_acc: 0.1788
Epoch 113/200
3149/3149 [==============================] - 34s - loss: 0.0298 - acc: 0.9911 - val_loss: 8.9523 - val_acc: 0.1818
Epoch 114/200
3149/3149 [==============================] - 34s - loss: 0.0281 - acc: 0.9921 - val_loss: 8.2005 - val_acc: 0.1812
Epoch 115/200
3149/3149 [==============================] - 34s - loss: 0.0267 - acc: 0.9921 - val_loss: 5.8763 - val_acc: 0.2663
Epoch 116/200
3149/3149 [==============================] - 34s - loss: 0.0278 - acc: 0.9917 - val_loss: 9.0373 - val_acc: 0.1764
Epoch 117/200
3149/3149 [==============================] - 34s - loss: 0.0273 - acc: 0.9930 - val_loss: 9.2235 - val_acc: 0.1650
Epoch 118/200
3149/3149 [==============================] - 34s - loss: 0.0305 - acc: 0.9908 - val_loss: 7.4627 - val_acc: 0.1986
Epoch 119/200
3149/3149 [==============================] - 34s - loss: 0.0280 - acc: 0.9924 - val_loss: 7.6849 - val_acc: 0.2070
Epoch 120/200
3149/3149 [==============================] - 34s - loss: 0.0252 - acc: 0.9927 - val_loss: 7.2478 - val_acc: 0.2208
Epoch 121/200
3149/3149 [==============================] - 34s - loss: 0.0292 - acc: 0.9917 - val_loss: 8.3151 - val_acc: 0.2118
Epoch 122/200
3149/3149 [==============================] - 34s - loss: 0.0338 - acc: 0.9892 - val_loss: 6.6851 - val_acc: 0.2286
Epoch 123/200
3149/3149 [==============================] - 34s - loss: 0.0282 - acc: 0.9924 - val_loss: 6.9892 - val_acc: 0.2346
Epoch 124/200
3149/3149 [==============================] - 34s - loss: 0.0241 - acc: 0.9930 - val_loss: 7.3265 - val_acc: 0.2376
Epoch 125/200
3149/3149 [==============================] - 34s - loss: 0.0227 - acc: 0.9933 - val_loss: 7.2054 - val_acc: 0.2364
Epoch 126/200
3149/3149 [==============================] - 34s - loss: 0.0267 - acc: 0.9921 - val_loss: 7.3777 - val_acc: 0.2256
Epoch 127/200
3149/3149 [==============================] - 34s - loss: 0.0231 - acc: 0.9927 - val_loss: 6.8378 - val_acc: 0.2394
Epoch 128/200
3149/3149 [==============================] - 34s - loss: 0.0275 - acc: 0.9924 - val_loss: 7.1508 - val_acc: 0.2484
Epoch 129/200
3149/3149 [==============================] - 34s - loss: 0.0307 - acc: 0.9886 - val_loss: 7.8886 - val_acc: 0.2172
Epoch 130/200
3149/3149 [==============================] - 34s - loss: 0.0275 - acc: 0.9921 - val_loss: 8.7044 - val_acc: 0.1884
Epoch 131/200
3149/3149 [==============================] - 34s - loss: 0.0240 - acc: 0.9930 - val_loss: 8.4626 - val_acc: 0.1944
Epoch 132/200
3149/3149 [==============================] - 34s - loss: 0.0251 - acc: 0.9917 - val_loss: 8.7675 - val_acc: 0.2010
Epoch 133/200
3149/3149 [==============================] - 34s - loss: 0.0278 - acc: 0.9914 - val_loss: 7.9120 - val_acc: 0.2022
Epoch 134/200
3149/3149 [==============================] - 34s - loss: 0.0233 - acc: 0.9930 - val_loss: 8.3487 - val_acc: 0.1878
Epoch 135/200
3149/3149 [==============================] - 34s - loss: 0.0194 - acc: 0.9946 - val_loss: 8.0957 - val_acc: 0.2016
Epoch 136/200
3149/3149 [==============================] - 34s - loss: 0.0231 - acc: 0.9914 - val_loss: 8.8271 - val_acc: 0.1908
Epoch 137/200
3149/3149 [==============================] - 34s - loss: 0.0322 - acc: 0.9905 - val_loss: 8.3974 - val_acc: 0.1926
Epoch 138/200
3149/3149 [==============================] - 34s - loss: 0.0232 - acc: 0.9930 - val_loss: 8.0683 - val_acc: 0.2016
Epoch 139/200
3149/3149 [==============================] - 34s - loss: 0.0269 - acc: 0.9911 - val_loss: 7.4112 - val_acc: 0.2154
Epoch 140/200
3149/3149 [==============================] - 34s - loss: 0.0248 - acc: 0.9924 - val_loss: 8.6980 - val_acc: 0.1986
Epoch 141/200
3149/3149 [==============================] - 34s - loss: 0.0250 - acc: 0.9921 - val_loss: 7.8550 - val_acc: 0.2058
Epoch 142/200
3149/3149 [==============================] - 34s - loss: 0.0278 - acc: 0.9933 - val_loss: 8.1306 - val_acc: 0.1974
Epoch 143/200
3149/3149 [==============================] - 34s - loss: 0.0309 - acc: 0.9911 - val_loss: 8.5657 - val_acc: 0.1836
Epoch 144/200
3149/3149 [==============================] - 34s - loss: 0.0225 - acc: 0.9927 - val_loss: 9.0230 - val_acc: 0.1710
Epoch 145/200
3149/3149 [==============================] - 34s - loss: 0.0222 - acc: 0.9936 - val_loss: 9.0906 - val_acc: 0.1794
Epoch 146/200
3149/3149 [==============================] - 34s - loss: 0.0280 - acc: 0.9898 - val_loss: 6.4580 - val_acc: 0.2280
Epoch 147/200
3149/3149 [==============================] - 34s - loss: 0.0242 - acc: 0.9930 - val_loss: 7.6573 - val_acc: 0.2112
Epoch 148/200
3149/3149 [==============================] - 34s - loss: 0.0271 - acc: 0.9905 - val_loss: 8.1158 - val_acc: 0.2022
Epoch 149/200
3149/3149 [==============================] - 34s - loss: 0.0295 - acc: 0.9902 - val_loss: 8.2568 - val_acc: 0.2088
Epoch 150/200
3149/3149 [==============================] - 34s - loss: 0.0209 - acc: 0.9946 - val_loss: 8.0392 - val_acc: 0.2082
Epoch 151/200
3149/3149 [==============================] - 34s - loss: 0.0214 - acc: 0.9936 - val_loss: 8.4545 - val_acc: 0.2076
Epoch 152/200
3149/3149 [==============================] - 34s - loss: 0.0208 - acc: 0.9933 - val_loss: 7.4448 - val_acc: 0.2316
Epoch 153/200
3149/3149 [==============================] - 34s - loss: 0.0252 - acc: 0.9917 - val_loss: 8.3591 - val_acc: 0.1896
Epoch 154/200
3149/3149 [==============================] - 34s - loss: 0.0230 - acc: 0.9914 - val_loss: 7.3865 - val_acc: 0.2166
Epoch 155/200
3149/3149 [==============================] - 34s - loss: 0.0276 - acc: 0.9914 - val_loss: 8.5283 - val_acc: 0.1866
Epoch 156/200
3149/3149 [==============================] - 34s - loss: 0.0288 - acc: 0.9921 - val_loss: 7.2979 - val_acc: 0.2046
Epoch 157/200
3149/3149 [==============================] - 34s - loss: 0.0317 - acc: 0.9895 - val_loss: 8.4856 - val_acc: 0.1806
Epoch 158/200
3149/3149 [==============================] - 34s - loss: 0.0321 - acc: 0.9902 - val_loss: 8.5582 - val_acc: 0.1776
Epoch 159/200
3149/3149 [==============================] - 34s - loss: 0.0257 - acc: 0.9914 - val_loss: 7.2310 - val_acc: 0.2244
Epoch 160/200
3149/3149 [==============================] - 34s - loss: 0.0218 - acc: 0.9940 - val_loss: 8.4722 - val_acc: 0.1812
Epoch 161/200
3149/3149 [==============================] - 34s - loss: 0.0205 - acc: 0.9930 - val_loss: 8.5056 - val_acc: 0.1836
Epoch 162/200
3149/3149 [==============================] - 34s - loss: 0.0188 - acc: 0.9952 - val_loss: 8.1827 - val_acc: 0.1836
Epoch 163/200
3149/3149 [==============================] - 34s - loss: 0.0201 - acc: 0.9943 - val_loss: 7.7093 - val_acc: 0.2118
Epoch 164/200
3149/3149 [==============================] - 34s - loss: 0.0241 - acc: 0.9921 - val_loss: 7.5348 - val_acc: 0.2004
Epoch 165/200
3149/3149 [==============================] - 34s - loss: 0.0232 - acc: 0.9921 - val_loss: 7.9084 - val_acc: 0.1854
Epoch 166/200
3149/3149 [==============================] - 34s - loss: 0.0243 - acc: 0.9924 - val_loss: 7.9339 - val_acc: 0.2064
Epoch 167/200
3149/3149 [==============================] - 34s - loss: 0.0192 - acc: 0.9946 - val_loss: 9.5350 - val_acc: 0.1686
Epoch 168/200
3149/3149 [==============================] - 34s - loss: 0.0188 - acc: 0.9949 - val_loss: 8.8982 - val_acc: 0.1908
Epoch 169/200
3149/3149 [==============================] - 34s - loss: 0.0176 - acc: 0.9952 - val_loss: 9.0740 - val_acc: 0.1860
Epoch 170/200
3149/3149 [==============================] - 34s - loss: 0.0192 - acc: 0.9930 - val_loss: 8.6840 - val_acc: 0.1944
Epoch 171/200
3149/3149 [==============================] - 34s - loss: 0.0213 - acc: 0.9936 - val_loss: 9.6733 - val_acc: 0.1788
Epoch 172/200
3149/3149 [==============================] - 34s - loss: 0.0192 - acc: 0.9946 - val_loss: 9.3104 - val_acc: 0.1848
Epoch 173/200
3149/3149 [==============================] - 34s - loss: 0.0192 - acc: 0.9933 - val_loss: 9.0375 - val_acc: 0.1908
Epoch 174/200
3149/3149 [==============================] - 34s - loss: 0.0204 - acc: 0.9949 - val_loss: 9.0508 - val_acc: 0.1932
Epoch 175/200
3149/3149 [==============================] - 34s - loss: 0.0186 - acc: 0.9949 - val_loss: 9.1633 - val_acc: 0.1872
Epoch 176/200
3149/3149 [==============================] - 34s - loss: 0.0171 - acc: 0.9949 - val_loss: 10.7635 - val_acc: 0.1386
Epoch 177/200
3149/3149 [==============================] - 34s - loss: 0.0276 - acc: 0.9908 - val_loss: 9.2299 - val_acc: 0.1758
Epoch 178/200
3149/3149 [==============================] - 34s - loss: 0.0208 - acc: 0.9936 - val_loss: 8.4869 - val_acc: 0.1770
Epoch 179/200
3149/3149 [==============================] - 34s - loss: 0.0247 - acc: 0.9933 - val_loss: 9.1776 - val_acc: 0.1728
Epoch 180/200
3149/3149 [==============================] - 34s - loss: 0.0171 - acc: 0.9949 - val_loss: 8.8424 - val_acc: 0.1746
Epoch 181/200
3149/3149 [==============================] - 34s - loss: 0.0316 - acc: 0.9921 - val_loss: 10.8738 - val_acc: 0.1200
Epoch 182/200
3149/3149 [==============================] - 34s - loss: 0.0209 - acc: 0.9936 - val_loss: 10.3450 - val_acc: 0.1554
Epoch 183/200
3149/3149 [==============================] - 34s - loss: 0.0187 - acc: 0.9949 - val_loss: 10.7014 - val_acc: 0.1488
Epoch 184/200
3149/3149 [==============================] - 34s - loss: 0.0209 - acc: 0.9927 - val_loss: 10.6362 - val_acc: 0.1302
Epoch 185/200
3149/3149 [==============================] - 34s - loss: 0.0227 - acc: 0.9933 - val_loss: 10.5428 - val_acc: 0.1428
Epoch 186/200
3149/3149 [==============================] - 34s - loss: 0.0211 - acc: 0.9930 - val_loss: 9.6487 - val_acc: 0.1650
Epoch 187/200
3149/3149 [==============================] - 34s - loss: 0.0200 - acc: 0.9943 - val_loss: 9.9476 - val_acc: 0.1608
Epoch 188/200
3149/3149 [==============================] - 34s - loss: 0.0188 - acc: 0.9930 - val_loss: 9.1659 - val_acc: 0.1962
Epoch 189/200
3149/3149 [==============================] - 34s - loss: 0.0159 - acc: 0.9949 - val_loss: 9.4330 - val_acc: 0.1842
Epoch 190/200
3149/3149 [==============================] - 34s - loss: 0.0172 - acc: 0.9949 - val_loss: 9.4152 - val_acc: 0.1776
Epoch 191/200
3149/3149 [==============================] - 34s - loss: 0.0174 - acc: 0.9936 - val_loss: 9.7896 - val_acc: 0.1728
Epoch 192/200
3149/3149 [==============================] - 34s - loss: 0.0175 - acc: 0.9946 - val_loss: 9.4586 - val_acc: 0.1716
Epoch 193/200
3149/3149 [==============================] - 34s - loss: 0.0167 - acc: 0.9949 - val_loss: 9.3798 - val_acc: 0.1782
Epoch 194/200
3149/3149 [==============================] - 34s - loss: 0.0211 - acc: 0.9930 - val_loss: 9.8158 - val_acc: 0.1542
Epoch 195/200
3149/3149 [==============================] - 34s - loss: 0.0201 - acc: 0.9943 - val_loss: 9.8941 - val_acc: 0.1626
Epoch 196/200
3149/3149 [==============================] - 34s - loss: 0.0174 - acc: 0.9946 - val_loss: 9.9530 - val_acc: 0.1512
Epoch 197/200
3149/3149 [==============================] - 34s - loss: 0.0230 - acc: 0.9930 - val_loss: 10.1620 - val_acc: 0.1512
Epoch 198/200
3149/3149 [==============================] - 34s - loss: 0.0190 - acc: 0.9940 - val_loss: 9.5403 - val_acc: 0.1560
Epoch 199/200
3149/3149 [==============================] - 34s - loss: 0.0178 - acc: 0.9943 - val_loss: 9.4595 - val_acc: 0.1728
Epoch 200/200
3149/3149 [==============================] - 34s - loss: 0.0186 - acc: 0.9936 - val_loss: 10.9244 - val_acc: 0.1296
Tue, 06 Dec 2016 18:30:35 +0000
The weights have been saved in: ./weights/2016_12_06_16:34:41_cuberun.h5

