Allocated GPU(s) with id(s):  2
Mon, 05 Dec 2016 21:10:42 +0000
mini-batch:  1 / 40
Train on 2244 samples, validate on 1667 samples
Epoch 1/5
2244/2244 [==============================] - 26s - loss: 2.6757 - acc: 0.2045 - val_loss: 2.9260 - val_acc: 0.0756
Epoch 2/5
2244/2244 [==============================] - 24s - loss: 2.0257 - acc: 0.3926 - val_loss: 3.4851 - val_acc: 0.0906
Epoch 3/5
2244/2244 [==============================] - 26s - loss: 1.4487 - acc: 0.5588 - val_loss: 4.4532 - val_acc: 0.0960
Epoch 4/5
2244/2244 [==============================] - 26s - loss: 1.0025 - acc: 0.7014 - val_loss: 4.0614 - val_acc: 0.1044
Epoch 5/5
2244/2244 [==============================] - 27s - loss: 0.7582 - acc: 0.7678 - val_loss: 4.0620 - val_acc: 0.0912
mini-batch:  2 / 40
Train on 1864 samples, validate on 1667 samples
Epoch 1/5
1864/1864 [==============================] - 21s - loss: 1.8433 - acc: 0.4753 - val_loss: 4.2908 - val_acc: 0.1050
Epoch 2/5
1864/1864 [==============================] - 23s - loss: 1.0554 - acc: 0.6883 - val_loss: 5.2395 - val_acc: 0.0444
Epoch 3/5
1864/1864 [==============================] - 23s - loss: 0.7563 - acc: 0.7623 - val_loss: 5.1718 - val_acc: 0.0906
Epoch 4/5
1864/1864 [==============================] - 23s - loss: 0.5239 - acc: 0.8385 - val_loss: 7.4576 - val_acc: 0.0960
Epoch 5/5
1864/1864 [==============================] - 23s - loss: 0.4182 - acc: 0.8739 - val_loss: 11.9049 - val_acc: 0.0222
mini-batch:  3 / 40
Train on 2230 samples, validate on 1667 samples
Epoch 1/5
2230/2230 [==============================] - 25s - loss: 1.0957 - acc: 0.6892 - val_loss: 4.3550 - val_acc: 0.1044
Epoch 2/5
2230/2230 [==============================] - 26s - loss: 0.5003 - acc: 0.8408 - val_loss: 4.3990 - val_acc: 0.1080
Epoch 3/5
2230/2230 [==============================] - 26s - loss: 0.3514 - acc: 0.8919 - val_loss: 4.6825 - val_acc: 0.1458
Epoch 4/5
2230/2230 [==============================] - 26s - loss: 0.2630 - acc: 0.9157 - val_loss: 3.9638 - val_acc: 0.1542
Epoch 5/5
2230/2230 [==============================] - 26s - loss: 0.2188 - acc: 0.9278 - val_loss: 4.4132 - val_acc: 0.1824
mini-batch:  4 / 40
Train on 2041 samples, validate on 1667 samples
Epoch 1/5
2041/2041 [==============================] - 23s - loss: 1.0602 - acc: 0.7178 - val_loss: 3.0854 - val_acc: 0.2028
Epoch 2/5
2041/2041 [==============================] - 24s - loss: 0.4214 - acc: 0.8711 - val_loss: 3.3782 - val_acc: 0.1512
Epoch 3/5
2041/2041 [==============================] - 25s - loss: 0.3351 - acc: 0.8991 - val_loss: 3.9516 - val_acc: 0.1452
Epoch 4/5
2041/2041 [==============================] - 25s - loss: 0.2107 - acc: 0.9343 - val_loss: 3.7631 - val_acc: 0.1524
Epoch 5/5
2041/2041 [==============================] - 25s - loss: 0.1767 - acc: 0.9456 - val_loss: 3.5406 - val_acc: 0.2112
mini-batch:  5 / 40
Train on 1973 samples, validate on 1667 samples
Epoch 1/5
1973/1973 [==============================] - 22s - loss: 0.8835 - acc: 0.7613 - val_loss: 2.9069 - val_acc: 0.2304
Epoch 2/5
1973/1973 [==============================] - 24s - loss: 0.3361 - acc: 0.8956 - val_loss: 3.1131 - val_acc: 0.1854
Epoch 3/5
1973/1973 [==============================] - 24s - loss: 0.2292 - acc: 0.9270 - val_loss: 3.0175 - val_acc: 0.2310
Epoch 4/5
1973/1973 [==============================] - 24s - loss: 0.1801 - acc: 0.9468 - val_loss: 3.1336 - val_acc: 0.2262
Epoch 5/5
1973/1973 [==============================] - 24s - loss: 0.1487 - acc: 0.9544 - val_loss: 3.4402 - val_acc: 0.1920
mini-batch:  6 / 40
Train on 2029 samples, validate on 1667 samples
Epoch 1/5
2029/2029 [==============================] - 23s - loss: 0.9192 - acc: 0.7620 - val_loss: 3.6459 - val_acc: 0.1716
Epoch 2/5
2029/2029 [==============================] - 24s - loss: 0.3496 - acc: 0.8975 - val_loss: 2.9554 - val_acc: 0.2346
Epoch 3/5
2029/2029 [==============================] - 24s - loss: 0.2444 - acc: 0.9261 - val_loss: 4.1799 - val_acc: 0.1722
Epoch 4/5
2029/2029 [==============================] - 24s - loss: 0.1738 - acc: 0.9473 - val_loss: 3.5169 - val_acc: 0.2076
Epoch 5/5
2029/2029 [==============================] - 24s - loss: 0.1493 - acc: 0.9571 - val_loss: 3.3530 - val_acc: 0.1908
mini-batch:  7 / 40
Train on 2135 samples, validate on 1667 samples
Epoch 1/5
2135/2135 [==============================] - 24s - loss: 0.7478 - acc: 0.7944 - val_loss: 4.1515 - val_acc: 0.0654
Epoch 2/5
2135/2135 [==============================] - 26s - loss: 0.2875 - acc: 0.9133 - val_loss: 2.9251 - val_acc: 0.1608
Epoch 3/5
2135/2135 [==============================] - 25s - loss: 0.1952 - acc: 0.9405 - val_loss: 4.1675 - val_acc: 0.0864
Epoch 4/5
2135/2135 [==============================] - 26s - loss: 0.1473 - acc: 0.9602 - val_loss: 5.3707 - val_acc: 0.1146
Epoch 5/5
2135/2135 [==============================] - 26s - loss: 0.0986 - acc: 0.9733 - val_loss: 4.4328 - val_acc: 0.1164
mini-batch:  8 / 40
Train on 2037 samples, validate on 1667 samples
Epoch 1/5
2037/2037 [==============================] - 22s - loss: 0.7258 - acc: 0.8066 - val_loss: 3.3564 - val_acc: 0.1830
Epoch 2/5
2037/2037 [==============================] - 24s - loss: 0.2569 - acc: 0.9185 - val_loss: 2.6354 - val_acc: 0.2268
Epoch 3/5
2037/2037 [==============================] - 25s - loss: 0.1661 - acc: 0.9489 - val_loss: 3.8147 - val_acc: 0.1632
Epoch 4/5
2037/2037 [==============================] - 24s - loss: 0.1182 - acc: 0.9651 - val_loss: 3.2167 - val_acc: 0.1992
Epoch 5/5
2037/2037 [==============================] - 25s - loss: 0.0999 - acc: 0.9705 - val_loss: 3.2344 - val_acc: 0.2130
mini-batch:  9 / 40
Train on 2147 samples, validate on 1667 samples
Epoch 1/5
2147/2147 [==============================] - 24s - loss: 0.6208 - acc: 0.8337 - val_loss: 3.7567 - val_acc: 0.1644
Epoch 2/5
2147/2147 [==============================] - 26s - loss: 0.2706 - acc: 0.9227 - val_loss: 4.2161 - val_acc: 0.1494
Epoch 3/5
2147/2147 [==============================] - 26s - loss: 0.2595 - acc: 0.9190 - val_loss: 3.3900 - val_acc: 0.2214
Epoch 4/5
2147/2147 [==============================] - 26s - loss: 0.1277 - acc: 0.9665 - val_loss: 3.1320 - val_acc: 0.2513
Epoch 5/5
2147/2147 [==============================] - 26s - loss: 0.1111 - acc: 0.9683 - val_loss: 3.7984 - val_acc: 0.1836
mini-batch:  10 / 40
Train on 1970 samples, validate on 1667 samples
Epoch 1/5
1970/1970 [==============================] - 22s - loss: 0.6601 - acc: 0.8254 - val_loss: 2.8773 - val_acc: 0.1986
Epoch 2/5
1970/1970 [==============================] - 24s - loss: 0.1882 - acc: 0.9487 - val_loss: 2.9060 - val_acc: 0.2082
Epoch 3/5
1970/1970 [==============================] - 24s - loss: 0.1361 - acc: 0.9609 - val_loss: 2.7004 - val_acc: 0.2903
Epoch 4/5
1970/1970 [==============================] - 24s - loss: 0.1034 - acc: 0.9675 - val_loss: 3.0171 - val_acc: 0.2142
Epoch 5/5
1970/1970 [==============================] - 24s - loss: 0.0873 - acc: 0.9726 - val_loss: 3.8248 - val_acc: 0.1590
mini-batch:  11 / 40
Train on 2058 samples, validate on 1667 samples
Epoch 1/5
2058/2058 [==============================] - 23s - loss: 0.5568 - acc: 0.8508 - val_loss: 5.1424 - val_acc: 0.0672
Epoch 2/5
2058/2058 [==============================] - 25s - loss: 0.2239 - acc: 0.9315 - val_loss: 4.8984 - val_acc: 0.1050
Epoch 3/5
2058/2058 [==============================] - 25s - loss: 0.1323 - acc: 0.9611 - val_loss: 3.6665 - val_acc: 0.1782
Epoch 4/5
2058/2058 [==============================] - 25s - loss: 0.0889 - acc: 0.9747 - val_loss: 3.3577 - val_acc: 0.1902
Epoch 5/5
2058/2058 [==============================] - 25s - loss: 0.0799 - acc: 0.9757 - val_loss: 3.8917 - val_acc: 0.1770
mini-batch:  12 / 40
Train on 1960 samples, validate on 1667 samples
Epoch 1/5
1960/1960 [==============================] - 22s - loss: 0.6034 - acc: 0.8490 - val_loss: 3.1483 - val_acc: 0.1620
Epoch 2/5
1960/1960 [==============================] - 23s - loss: 0.1882 - acc: 0.9418 - val_loss: 3.9621 - val_acc: 0.1104
Epoch 3/5
1960/1960 [==============================] - 24s - loss: 0.1119 - acc: 0.9694 - val_loss: 3.2446 - val_acc: 0.1668
Epoch 4/5
1960/1960 [==============================] - 24s - loss: 0.0893 - acc: 0.9730 - val_loss: 4.5324 - val_acc: 0.0954
Epoch 5/5
1960/1960 [==============================] - 24s - loss: 0.0610 - acc: 0.9847 - val_loss: 3.3387 - val_acc: 0.1308
mini-batch:  13 / 40
Train on 1829 samples, validate on 1667 samples
Epoch 1/5
1829/1829 [==============================] - 21s - loss: 0.5505 - acc: 0.8513 - val_loss: 2.8010 - val_acc: 0.2993
Epoch 2/5
1829/1829 [==============================] - 22s - loss: 0.2006 - acc: 0.9404 - val_loss: 2.7422 - val_acc: 0.2573
Epoch 3/5
1829/1829 [==============================] - 22s - loss: 0.1124 - acc: 0.9683 - val_loss: 2.6319 - val_acc: 0.2873
Epoch 4/5
1829/1829 [==============================] - 22s - loss: 0.1111 - acc: 0.9677 - val_loss: 2.6587 - val_acc: 0.2531
Epoch 5/5
1829/1829 [==============================] - 23s - loss: 0.0900 - acc: 0.9765 - val_loss: 3.3368 - val_acc: 0.2022
mini-batch:  14 / 40
Train on 2034 samples, validate on 1667 samples
Epoch 1/5
2034/2034 [==============================] - 22s - loss: 0.5596 - acc: 0.8663 - val_loss: 3.5616 - val_acc: 0.1368
Epoch 2/5
2034/2034 [==============================] - 24s - loss: 0.1891 - acc: 0.9415 - val_loss: 3.8807 - val_acc: 0.1242
Epoch 3/5
2034/2034 [==============================] - 25s - loss: 0.1181 - acc: 0.9636 - val_loss: 3.9753 - val_acc: 0.1416
Epoch 4/5
2034/2034 [==============================] - 24s - loss: 0.0802 - acc: 0.9779 - val_loss: 5.4169 - val_acc: 0.0918
Epoch 5/5
2034/2034 [==============================] - 25s - loss: 0.0634 - acc: 0.9843 - val_loss: 3.1617 - val_acc: 0.2262
mini-batch:  15 / 40
Train on 2015 samples, validate on 1667 samples
Epoch 1/5
2015/2015 [==============================] - 23s - loss: 0.5031 - acc: 0.8581 - val_loss: 2.5654 - val_acc: 0.2130
Epoch 2/5
2015/2015 [==============================] - 24s - loss: 0.2112 - acc: 0.9340 - val_loss: 2.7967 - val_acc: 0.2028
Epoch 3/5
2015/2015 [==============================] - 24s - loss: 0.1379 - acc: 0.9593 - val_loss: 2.5747 - val_acc: 0.3209
Epoch 4/5
2015/2015 [==============================] - 24s - loss: 0.1074 - acc: 0.9663 - val_loss: 2.3653 - val_acc: 0.2843
Epoch 5/5
2015/2015 [==============================] - 24s - loss: 0.0842 - acc: 0.9727 - val_loss: 2.5489 - val_acc: 0.2244
mini-batch:  16 / 40
Train on 2163 samples, validate on 1667 samples
Epoch 1/5
2163/2163 [==============================] - 24s - loss: 0.4582 - acc: 0.8752 - val_loss: 3.4240 - val_acc: 0.1500
Epoch 2/5
2163/2163 [==============================] - 26s - loss: 0.1870 - acc: 0.9473 - val_loss: 3.1289 - val_acc: 0.1896
Epoch 3/5
2163/2163 [==============================] - 26s - loss: 0.1335 - acc: 0.9607 - val_loss: 2.8288 - val_acc: 0.1782
Epoch 4/5
2163/2163 [==============================] - 26s - loss: 0.1200 - acc: 0.9639 - val_loss: 3.7082 - val_acc: 0.1530
Epoch 5/5
2163/2163 [==============================] - 26s - loss: 0.0902 - acc: 0.9769 - val_loss: 5.3874 - val_acc: 0.1152
mini-batch:  17 / 40
Train on 2155 samples, validate on 1667 samples
Epoch 1/5
2155/2155 [==============================] - 24s - loss: 0.4288 - acc: 0.8868 - val_loss: 2.6342 - val_acc: 0.2262
Epoch 2/5
2155/2155 [==============================] - 26s - loss: 0.1440 - acc: 0.9596 - val_loss: 2.5636 - val_acc: 0.2639
Epoch 3/5
2155/2155 [==============================] - 26s - loss: 0.0802 - acc: 0.9782 - val_loss: 2.8960 - val_acc: 0.2208
Epoch 4/5
2155/2155 [==============================] - 26s - loss: 0.0630 - acc: 0.9828 - val_loss: 2.8171 - val_acc: 0.2238
Epoch 5/5
2155/2155 [==============================] - 26s - loss: 0.0476 - acc: 0.9865 - val_loss: 3.1269 - val_acc: 0.1956
mini-batch:  18 / 40
Train on 1924 samples, validate on 1667 samples
Epoch 1/5
1924/1924 [==============================] - 21s - loss: 0.4470 - acc: 0.8753 - val_loss: 2.5914 - val_acc: 0.2496
Epoch 2/5
1924/1924 [==============================] - 23s - loss: 0.1347 - acc: 0.9569 - val_loss: 2.5476 - val_acc: 0.2873
Epoch 3/5
1924/1924 [==============================] - 23s - loss: 0.1164 - acc: 0.9678 - val_loss: 2.3198 - val_acc: 0.3161
Epoch 4/5
1924/1924 [==============================] - 23s - loss: 0.0947 - acc: 0.9730 - val_loss: 2.4077 - val_acc: 0.3041
Epoch 5/5
1924/1924 [==============================] - 23s - loss: 0.0675 - acc: 0.9823 - val_loss: 2.7645 - val_acc: 0.2370
mini-batch:  19 / 40
Train on 1959 samples, validate on 1667 samples
Epoch 1/5
1959/1959 [==============================] - 22s - loss: 0.4025 - acc: 0.8892 - val_loss: 3.3350 - val_acc: 0.1542
Epoch 2/5
1959/1959 [==============================] - 23s - loss: 0.1606 - acc: 0.9541 - val_loss: 2.6517 - val_acc: 0.2346
Epoch 3/5
1959/1959 [==============================] - 24s - loss: 0.0987 - acc: 0.9704 - val_loss: 3.3301 - val_acc: 0.1530
Epoch 4/5
1959/1959 [==============================] - 24s - loss: 0.0752 - acc: 0.9770 - val_loss: 3.4027 - val_acc: 0.1380
Epoch 5/5
1959/1959 [==============================] - 24s - loss: 0.0709 - acc: 0.9796 - val_loss: 3.7995 - val_acc: 0.1278
mini-batch:  20 / 40
Train on 2147 samples, validate on 1667 samples
Epoch 1/5
2147/2147 [==============================] - 23s - loss: 0.4389 - acc: 0.8966 - val_loss: 2.7499 - val_acc: 0.1758
Epoch 2/5
2147/2147 [==============================] - 25s - loss: 0.1384 - acc: 0.9641 - val_loss: 2.5162 - val_acc: 0.2490
Epoch 3/5
2147/2147 [==============================] - 26s - loss: 0.0884 - acc: 0.9721 - val_loss: 3.2904 - val_acc: 0.1434
Epoch 4/5
2147/2147 [==============================] - 26s - loss: 0.0681 - acc: 0.9795 - val_loss: 2.9357 - val_acc: 0.1794
Epoch 5/5
2147/2147 [==============================] - 26s - loss: 0.0575 - acc: 0.9846 - val_loss: 2.5104 - val_acc: 0.2118
mini-batch:  21 / 40
Train on 1959 samples, validate on 1667 samples
Epoch 1/5
1959/1959 [==============================] - 22s - loss: 0.3707 - acc: 0.8974 - val_loss: 2.7961 - val_acc: 0.1680
Epoch 2/5
1959/1959 [==============================] - 23s - loss: 0.1506 - acc: 0.9541 - val_loss: 2.6743 - val_acc: 0.2016
Epoch 3/5
1959/1959 [==============================] - 24s - loss: 0.1043 - acc: 0.9719 - val_loss: 3.6823 - val_acc: 0.2148
Epoch 4/5
1959/1959 [==============================] - 24s - loss: 0.0890 - acc: 0.9750 - val_loss: 2.8748 - val_acc: 0.2040
Epoch 5/5
1959/1959 [==============================] - 24s - loss: 0.0735 - acc: 0.9770 - val_loss: 2.8203 - val_acc: 0.2226
mini-batch:  22 / 40
Train on 1991 samples, validate on 1667 samples
Epoch 1/5
1991/1991 [==============================] - 22s - loss: 0.3493 - acc: 0.9016 - val_loss: 2.4964 - val_acc: 0.3101
Epoch 2/5
1991/1991 [==============================] - 24s - loss: 0.1381 - acc: 0.9593 - val_loss: 2.5010 - val_acc: 0.2777
Epoch 3/5
1991/1991 [==============================] - 24s - loss: 0.0897 - acc: 0.9709 - val_loss: 2.8514 - val_acc: 0.1872
Epoch 4/5
1991/1991 [==============================] - 24s - loss: 0.0674 - acc: 0.9769 - val_loss: 4.5472 - val_acc: 0.1584
Epoch 5/5
1991/1991 [==============================] - 24s - loss: 0.0499 - acc: 0.9829 - val_loss: 4.0358 - val_acc: 0.1614
mini-batch:  23 / 40
Train on 1916 samples, validate on 1667 samples
Epoch 1/5
1916/1916 [==============================] - 22s - loss: 0.3782 - acc: 0.8982 - val_loss: 2.7949 - val_acc: 0.1500
Epoch 2/5
1916/1916 [==============================] - 23s - loss: 0.1395 - acc: 0.9582 - val_loss: 3.2829 - val_acc: 0.1668
Epoch 3/5
1916/1916 [==============================] - 23s - loss: 0.0751 - acc: 0.9776 - val_loss: 3.1203 - val_acc: 0.1956
Epoch 4/5
1916/1916 [==============================] - 23s - loss: 0.0671 - acc: 0.9823 - val_loss: 3.4602 - val_acc: 0.1758
Epoch 5/5
1916/1916 [==============================] - 23s - loss: 0.0563 - acc: 0.9849 - val_loss: 3.1859 - val_acc: 0.1650
mini-batch:  24 / 40
Train on 2339 samples, validate on 1667 samples
Epoch 1/5
2339/2339 [==============================] - 25s - loss: 0.2993 - acc: 0.9132 - val_loss: 3.2565 - val_acc: 0.1842
Epoch 2/5
2339/2339 [==============================] - 27s - loss: 0.1231 - acc: 0.9602 - val_loss: 2.7646 - val_acc: 0.1920
Epoch 3/5
2339/2339 [==============================] - 27s - loss: 0.0834 - acc: 0.9756 - val_loss: 3.0943 - val_acc: 0.1734
Epoch 4/5
2339/2339 [==============================] - 27s - loss: 0.0485 - acc: 0.9867 - val_loss: 3.0001 - val_acc: 0.1896
Epoch 5/5
2339/2339 [==============================] - 27s - loss: 0.0401 - acc: 0.9897 - val_loss: 4.1716 - val_acc: 0.1512
mini-batch:  25 / 40
Train on 1933 samples, validate on 1667 samples
Epoch 1/5
1933/1933 [==============================] - 22s - loss: 0.2897 - acc: 0.9208 - val_loss: 2.7555 - val_acc: 0.1764
Epoch 2/5
1933/1933 [==============================] - 23s - loss: 0.0831 - acc: 0.9783 - val_loss: 2.7459 - val_acc: 0.1968
Epoch 3/5
1933/1933 [==============================] - 24s - loss: 0.0700 - acc: 0.9778 - val_loss: 2.8371 - val_acc: 0.2178
Epoch 4/5
1933/1933 [==============================] - 23s - loss: 0.0550 - acc: 0.9865 - val_loss: 2.6349 - val_acc: 0.2220
Epoch 5/5
1933/1933 [==============================] - 24s - loss: 0.0451 - acc: 0.9881 - val_loss: 3.3477 - val_acc: 0.1926
mini-batch:  26 / 40
Train on 2105 samples, validate on 1667 samples
Epoch 1/5
2105/2105 [==============================] - 23s - loss: 0.2381 - acc: 0.9335 - val_loss: 2.5131 - val_acc: 0.2298
Epoch 2/5
2105/2105 [==============================] - 25s - loss: 0.0906 - acc: 0.9720 - val_loss: 2.3602 - val_acc: 0.2927
Epoch 3/5
2105/2105 [==============================] - 25s - loss: 0.0720 - acc: 0.9800 - val_loss: 2.3420 - val_acc: 0.2657
Epoch 4/5
2105/2105 [==============================] - 25s - loss: 0.0621 - acc: 0.9800 - val_loss: 2.4219 - val_acc: 0.2454
Epoch 5/5
2105/2105 [==============================] - 25s - loss: 0.0435 - acc: 0.9895 - val_loss: 2.3248 - val_acc: 0.2915
mini-batch:  27 / 40
Train on 2024 samples, validate on 1667 samples
Epoch 1/5
2024/2024 [==============================] - 22s - loss: 0.3028 - acc: 0.9205 - val_loss: 3.0435 - val_acc: 0.1590
Epoch 2/5
2024/2024 [==============================] - 24s - loss: 0.0936 - acc: 0.9728 - val_loss: 3.8279 - val_acc: 0.1536
Epoch 3/5
2024/2024 [==============================] - 24s - loss: 0.0593 - acc: 0.9827 - val_loss: 4.0552 - val_acc: 0.1572
Epoch 4/5
2024/2024 [==============================] - 24s - loss: 0.0445 - acc: 0.9872 - val_loss: 3.3253 - val_acc: 0.1668
Epoch 5/5
2024/2024 [==============================] - 24s - loss: 0.0373 - acc: 0.9886 - val_loss: 2.9548 - val_acc: 0.2022
mini-batch:  28 / 40
Train on 2334 samples, validate on 1667 samples
Epoch 1/5
2334/2334 [==============================] - 26s - loss: 0.2813 - acc: 0.9263 - val_loss: 2.7203 - val_acc: 0.1902
Epoch 2/5
2334/2334 [==============================] - 27s - loss: 0.0947 - acc: 0.9709 - val_loss: 2.8219 - val_acc: 0.2226
Epoch 3/5
2334/2334 [==============================] - 27s - loss: 0.0569 - acc: 0.9859 - val_loss: 2.7394 - val_acc: 0.2472
Epoch 4/5
2334/2334 [==============================] - 27s - loss: 0.0479 - acc: 0.9846 - val_loss: 2.7085 - val_acc: 0.2286
Epoch 5/5
2334/2334 [==============================] - 27s - loss: 0.0367 - acc: 0.9910 - val_loss: 2.8216 - val_acc: 0.2094
mini-batch:  29 / 40
Train on 2184 samples, validate on 1667 samples
Epoch 1/5
2184/2184 [==============================] - 24s - loss: 0.2859 - acc: 0.9217 - val_loss: 2.8171 - val_acc: 0.2376
Epoch 2/5
2184/2184 [==============================] - 26s - loss: 0.0789 - acc: 0.9785 - val_loss: 2.6838 - val_acc: 0.2543
Epoch 3/5
2184/2184 [==============================] - 26s - loss: 0.0570 - acc: 0.9835 - val_loss: 2.6144 - val_acc: 0.2657
Epoch 4/5
2184/2184 [==============================] - 26s - loss: 0.0440 - acc: 0.9881 - val_loss: 2.7219 - val_acc: 0.2621
Epoch 5/5
2184/2184 [==============================] - 26s - loss: 0.0283 - acc: 0.9927 - val_loss: 2.7259 - val_acc: 0.2687
mini-batch:  30 / 40
Train on 2140 samples, validate on 1667 samples
Epoch 1/5
2140/2140 [==============================] - 25s - loss: 0.5021 - acc: 0.8766 - val_loss: 2.4609 - val_acc: 0.2723
Epoch 2/5
2140/2140 [==============================] - 26s - loss: 0.2345 - acc: 0.9224 - val_loss: 2.4915 - val_acc: 0.2609
Epoch 3/5
2140/2140 [==============================] - 26s - loss: 0.1734 - acc: 0.9458 - val_loss: 2.5078 - val_acc: 0.2567
Epoch 4/5
2140/2140 [==============================] - 26s - loss: 0.1476 - acc: 0.9579 - val_loss: 2.4943 - val_acc: 0.2597
Epoch 5/5
2140/2140 [==============================] - 26s - loss: 0.1271 - acc: 0.9621 - val_loss: 2.5054 - val_acc: 0.2609
mini-batch:  31 / 40
Train on 2113 samples, validate on 1667 samples
Epoch 1/5
2113/2113 [==============================] - 24s - loss: 0.4140 - acc: 0.8921 - val_loss: 2.4741 - val_acc: 0.2537
Epoch 2/5
2113/2113 [==============================] - 25s - loss: 0.2416 - acc: 0.9328 - val_loss: 2.4628 - val_acc: 0.2615
Epoch 3/5
2113/2113 [==============================] - 25s - loss: 0.1894 - acc: 0.9418 - val_loss: 2.4623 - val_acc: 0.2627
Epoch 4/5
2113/2113 [==============================] - 25s - loss: 0.1645 - acc: 0.9494 - val_loss: 2.4672 - val_acc: 0.2597
Epoch 5/5
2113/2113 [==============================] - 25s - loss: 0.1378 - acc: 0.9555 - val_loss: 2.4499 - val_acc: 0.2663
mini-batch:  32 / 40
Train on 1876 samples, validate on 1667 samples
Epoch 1/5
1876/1876 [==============================] - 22s - loss: 0.2820 - acc: 0.9131 - val_loss: 2.4628 - val_acc: 0.2675
Epoch 2/5
1876/1876 [==============================] - 23s - loss: 0.1928 - acc: 0.9430 - val_loss: 2.4878 - val_acc: 0.2555
Epoch 3/5
1876/1876 [==============================] - 23s - loss: 0.1551 - acc: 0.9531 - val_loss: 2.4360 - val_acc: 0.2813
Epoch 4/5
1876/1876 [==============================] - 23s - loss: 0.1251 - acc: 0.9632 - val_loss: 2.4459 - val_acc: 0.2789
Epoch 5/5
1876/1876 [==============================] - 23s - loss: 0.1110 - acc: 0.9659 - val_loss: 2.4429 - val_acc: 0.2795
mini-batch:  33 / 40
Train on 2031 samples, validate on 1667 samples
Epoch 1/5
2031/2031 [==============================] - 23s - loss: 0.3089 - acc: 0.9271 - val_loss: 2.3800 - val_acc: 0.2909
Epoch 2/5
2031/2031 [==============================] - 24s - loss: 0.1907 - acc: 0.9513 - val_loss: 2.3885 - val_acc: 0.2903
Epoch 3/5
2031/2031 [==============================] - 25s - loss: 0.1540 - acc: 0.9581 - val_loss: 2.3754 - val_acc: 0.2963
Epoch 4/5
2031/2031 [==============================] - 25s - loss: 0.1320 - acc: 0.9631 - val_loss: 2.3663 - val_acc: 0.2909
Epoch 5/5
2031/2031 [==============================] - 25s - loss: 0.1201 - acc: 0.9650 - val_loss: 2.3707 - val_acc: 0.2915
mini-batch:  34 / 40
Train on 2204 samples, validate on 1667 samples
Epoch 1/5
2204/2204 [==============================] - 24s - loss: 0.2613 - acc: 0.9288 - val_loss: 2.4154 - val_acc: 0.2765
Epoch 2/5
2204/2204 [==============================] - 26s - loss: 0.1622 - acc: 0.9510 - val_loss: 2.3943 - val_acc: 0.2777
Epoch 3/5
2204/2204 [==============================] - 26s - loss: 0.1329 - acc: 0.9605 - val_loss: 2.4104 - val_acc: 0.2699
Epoch 4/5
2204/2204 [==============================] - 26s - loss: 0.1243 - acc: 0.9651 - val_loss: 2.3919 - val_acc: 0.2735
Epoch 5/5
2204/2204 [==============================] - 26s - loss: 0.0894 - acc: 0.9750 - val_loss: 2.3807 - val_acc: 0.2777
mini-batch:  35 / 40
Train on 1913 samples, validate on 1667 samples
Epoch 1/5
1913/1913 [==============================] - 22s - loss: 0.2154 - acc: 0.9352 - val_loss: 2.3903 - val_acc: 0.2651
Epoch 2/5
1913/1913 [==============================] - 23s - loss: 0.1247 - acc: 0.9577 - val_loss: 2.3871 - val_acc: 0.2705
Epoch 3/5
1913/1913 [==============================] - 23s - loss: 0.1049 - acc: 0.9686 - val_loss: 2.4141 - val_acc: 0.2585
Epoch 4/5
1913/1913 [==============================] - 24s - loss: 0.1068 - acc: 0.9712 - val_loss: 2.4283 - val_acc: 0.2579
Epoch 5/5
1913/1913 [==============================] - 23s - loss: 0.0812 - acc: 0.9786 - val_loss: 2.4364 - val_acc: 0.2603
mini-batch:  36 / 40
Train on 1992 samples, validate on 1667 samples
Epoch 1/5
1992/1992 [==============================] - 23s - loss: 0.2749 - acc: 0.9137 - val_loss: 2.4713 - val_acc: 0.2364
Epoch 2/5
1992/1992 [==============================] - 24s - loss: 0.1646 - acc: 0.9488 - val_loss: 2.5295 - val_acc: 0.2274
Epoch 3/5
1992/1992 [==============================] - 24s - loss: 0.1333 - acc: 0.9573 - val_loss: 2.5552 - val_acc: 0.2286
Epoch 4/5
1992/1992 [==============================] - 24s - loss: 0.1085 - acc: 0.9664 - val_loss: 2.5342 - val_acc: 0.2304
Epoch 5/5
1992/1992 [==============================] - 24s - loss: 0.0961 - acc: 0.9764 - val_loss: 2.5991 - val_acc: 0.2274
mini-batch:  37 / 40
Train on 2137 samples, validate on 1667 samples
Epoch 1/5
2137/2137 [==============================] - 23s - loss: 0.2434 - acc: 0.9261 - val_loss: 2.4555 - val_acc: 0.2537
Epoch 2/5
2137/2137 [==============================] - 26s - loss: 0.1320 - acc: 0.9593 - val_loss: 2.4175 - val_acc: 0.2681
Epoch 3/5
2137/2137 [==============================] - 26s - loss: 0.1058 - acc: 0.9705 - val_loss: 2.4250 - val_acc: 0.2699
Epoch 4/5
2137/2137 [==============================] - 26s - loss: 0.0941 - acc: 0.9729 - val_loss: 2.4320 - val_acc: 0.2669
Epoch 5/5
2137/2137 [==============================] - 26s - loss: 0.0828 - acc: 0.9771 - val_loss: 2.4396 - val_acc: 0.2699
mini-batch:  38 / 40
Train on 2212 samples, validate on 1667 samples
Epoch 1/5
2212/2212 [==============================] - 24s - loss: 0.2399 - acc: 0.9277 - val_loss: 2.3643 - val_acc: 0.2885
Epoch 2/5
2212/2212 [==============================] - 26s - loss: 0.1392 - acc: 0.9561 - val_loss: 2.3429 - val_acc: 0.2987
Epoch 3/5
2212/2212 [==============================] - 26s - loss: 0.1019 - acc: 0.9697 - val_loss: 2.3409 - val_acc: 0.3011
Epoch 4/5
2212/2212 [==============================] - 26s - loss: 0.0916 - acc: 0.9738 - val_loss: 2.3567 - val_acc: 0.3011
Epoch 5/5
2212/2212 [==============================] - 26s - loss: 0.0751 - acc: 0.9783 - val_loss: 2.3610 - val_acc: 0.3041
mini-batch:  39 / 40
Train on 2107 samples, validate on 1667 samples
Epoch 1/5
2107/2107 [==============================] - 24s - loss: 0.1893 - acc: 0.9459 - val_loss: 2.4325 - val_acc: 0.2831
Epoch 2/5
2107/2107 [==============================] - 25s - loss: 0.1115 - acc: 0.9701 - val_loss: 2.4292 - val_acc: 0.2819
Epoch 3/5
2107/2107 [==============================] - 25s - loss: 0.1046 - acc: 0.9692 - val_loss: 2.4366 - val_acc: 0.2789
Epoch 4/5
2107/2107 [==============================] - 25s - loss: 0.0865 - acc: 0.9777 - val_loss: 2.4218 - val_acc: 0.2825
Epoch 5/5
2107/2107 [==============================] - 25s - loss: 0.0754 - acc: 0.9801 - val_loss: 2.4379 - val_acc: 0.2843
mini-batch:  40 / 40
Train on 1843 samples, validate on 1667 samples
Epoch 1/5
1843/1843 [==============================] - 21s - loss: 0.2725 - acc: 0.9251 - val_loss: 2.4179 - val_acc: 0.2717
Epoch 2/5
1843/1843 [==============================] - 23s - loss: 0.1832 - acc: 0.9495 - val_loss: 2.4419 - val_acc: 0.2573
Epoch 3/5
1843/1843 [==============================] - 23s - loss: 0.1510 - acc: 0.9555 - val_loss: 2.4528 - val_acc: 0.2579
Epoch 4/5
1843/1843 [==============================] - 23s - loss: 0.1280 - acc: 0.9598 - val_loss: 2.4615 - val_acc: 0.2591
Epoch 5/5
1843/1843 [==============================] - 23s - loss: 0.1223 - acc: 0.9653 - val_loss: 2.4673 - val_acc: 0.2501
Mon, 05 Dec 2016 22:49:18 +0000
The weights have been saved in: ./weights/2016_12_05_21:10:41_cuberun.h5
